{"/Users/henrypye/Documents/Projects/PHD-App/Tracker-Dashboard/src/App.js": {"path":"/Users/henrypye/Documents/Projects/PHD-App/Tracker-Dashboard/src/App.js","statementMap":{"0":{"start":{"line":6,"column":2},"end":{"line":11,"column":3}}},"fnMap":{"0":{"name":"(anonymous_0)","decl":{"start":{"line":5,"column":15},"end":{"line":5,"column":16}},"loc":{"start":{"line":5,"column":21},"end":{"line":12,"column":1}},"line":5}},"branchMap":{},"s":{"0":1},"f":{"0":1},"b":{},"_coverageSchema":"332fd63041d2c1bcb487cc26dd0d5f7d97098a6c","hash":"76e677f4db7ecb25022f40ee8a3b7af250bd470a"}
,"/Users/henrypye/Documents/Projects/PHD-App/Tracker-Dashboard/src/index.js": {"path":"/Users/henrypye/Documents/Projects/PHD-App/Tracker-Dashboard/src/index.js","statementMap":{"0":{"start":{"line":1,"column":32},"end":{"line":1,"column":107}},"1":{"start":{"line":13,"column":24},"end":{"line":13,"column":40}},"2":{"start":{"line":13,"column":55},"end":{"line":13,"column":85}},"3":{"start":{"line":13,"column":102},"end":{"line":13,"column":122}},"4":{"start":{"line":13,"column":140},"end":{"line":13,"column":173}},"5":{"start":{"line":13,"column":203},"end":{"line":13,"column":237}},"6":{"start":{"line":13,"column":268},"end":{"line":13,"column":314}},"7":{"start":{"line":13,"column":326},"end":{"line":13,"column":342}},"8":{"start":{"line":13,"column":355},"end":{"line":13,"column":383}},"9":{"start":{"line":13,"column":384},"end":{"line":13,"column":407}},"10":{"start":{"line":13,"column":407},"end":{"line":13,"column":451}},"11":{"start":{"line":14,"column":18},"end":{"line":14,"column":40}},"12":{"start":{"line":16,"column":20},"end":{"line":16,"column":51}},"13":{"start":{"line":16,"column":71},"end":{"line":16,"column":109}},"14":{"start":{"line":17,"column":14},"end":{"line":17,"column":52}},"15":{"start":{"line":17,"column":73},"end":{"line":17,"column":105}},"16":{"start":{"line":19,"column":13},"end":{"line":19,"column":31}},"17":{"start":{"line":19,"column":46},"end":{"line":19,"column":76}},"18":{"start":{"line":19,"column":116},"end":{"line":19,"column":332}},"19":{"start":{"line":19,"column":144},"end":{"line":19,"column":155}},"20":{"start":{"line":19,"column":176},"end":{"line":19,"column":178}},"21":{"start":{"line":19,"column":179},"end":{"line":19,"column":296}},"22":{"start":{"line":19,"column":197},"end":{"line":19,"column":295}},"23":{"start":{"line":19,"column":219},"end":{"line":19,"column":294}},"24":{"start":{"line":19,"column":271},"end":{"line":19,"column":294}},"25":{"start":{"line":19,"column":296},"end":{"line":19,"column":317}},"26":{"start":{"line":19,"column":317},"end":{"line":19,"column":331}},"27":{"start":{"line":19,"column":371},"end":{"line":19,"column":425}},"28":{"start":{"line":21,"column":0},"end":{"line":21,"column":53}},"29":{"start":{"line":23,"column":0},"end":{"line":25,"column":3}},"30":{"start":{"line":24,"column":4},"end":{"line":24,"column":55}},"31":{"start":{"line":27,"column":0},"end":{"line":31,"column":33}},"32":{"start":{"line":33,"column":0},"end":{"line":33,"column":39}}},"fnMap":{"0":{"name":"_interopRequireWildcard","decl":{"start":{"line":19,"column":86},"end":{"line":19,"column":109}},"loc":{"start":{"line":19,"column":115},"end":{"line":19,"column":333}},"line":19},"1":{"name":"_interopRequireDefault","decl":{"start":{"line":19,"column":342},"end":{"line":19,"column":364}},"loc":{"start":{"line":19,"column":370},"end":{"line":19,"column":426}},"line":19},"2":{"name":"(anonymous_2)","decl":{"start":{"line":23,"column":26},"end":{"line":23,"column":27}},"loc":{"start":{"line":23,"column":32},"end":{"line":25,"column":1}},"line":23}},"branchMap":{"0":{"loc":{"start":{"line":19,"column":116},"end":{"line":19,"column":332}},"type":"if","locations":[{"start":{"line":19,"column":116},"end":{"line":19,"column":332}},{"start":{"line":19,"column":116},"end":{"line":19,"column":332}}],"line":19},"1":{"loc":{"start":{"line":19,"column":120},"end":{"line":19,"column":141}},"type":"binary-expr","locations":[{"start":{"line":19,"column":120},"end":{"line":19,"column":123}},{"start":{"line":19,"column":127},"end":{"line":19,"column":141}}],"line":19},"2":{"loc":{"start":{"line":19,"column":179},"end":{"line":19,"column":296}},"type":"if","locations":[{"start":{"line":19,"column":179},"end":{"line":19,"column":296}},{"start":{"line":19,"column":179},"end":{"line":19,"column":296}}],"line":19},"3":{"loc":{"start":{"line":19,"column":219},"end":{"line":19,"column":294}},"type":"if","locations":[{"start":{"line":19,"column":219},"end":{"line":19,"column":294}},{"start":{"line":19,"column":219},"end":{"line":19,"column":294}}],"line":19},"4":{"loc":{"start":{"line":19,"column":378},"end":{"line":19,"column":424}},"type":"cond-expr","locations":[{"start":{"line":19,"column":402},"end":{"line":19,"column":405}},{"start":{"line":19,"column":408},"end":{"line":19,"column":424}}],"line":19},"5":{"loc":{"start":{"line":19,"column":378},"end":{"line":19,"column":399}},"type":"binary-expr","locations":[{"start":{"line":19,"column":378},"end":{"line":19,"column":381}},{"start":{"line":19,"column":385},"end":{"line":19,"column":399}}],"line":19}},"s":{"0":0,"1":0,"2":0,"3":0,"4":0,"5":0,"6":0,"7":0,"8":0,"9":0,"10":0,"11":0,"12":0,"13":0,"14":0,"15":0,"16":0,"17":0,"18":0,"19":0,"20":0,"21":0,"22":0,"23":0,"24":0,"25":0,"26":0,"27":0,"28":0,"29":0,"30":0,"31":0,"32":0},"f":{"0":0,"1":0,"2":0},"b":{"0":[0,0],"1":[0,0],"2":[0,0],"3":[0,0],"4":[0,0],"5":[0,0]}}
,"/Users/henrypye/Documents/Projects/PHD-App/Tracker-Dashboard/src/registerServiceWorker.js": {"path":"/Users/henrypye/Documents/Projects/PHD-App/Tracker-Dashboard/src/registerServiceWorker.js","statementMap":{"0":{"start":{"line":1,"column":13},"end":{"line":1,"column":75}},"1":{"start":{"line":1,"column":75},"end":{"line":21,"column":9}},"2":{"start":{"line":21,"column":9},"end":{"line":111,"column":24}},"3":{"start":{"line":118,"column":20},"end":{"line":120,"column":89}},"4":{"start":{"line":120,"column":111},"end":{"line":128,"column":36}},"5":{"start":{"line":121,"column":22},"end":{"line":121,"column":70}},"6":{"start":{"line":121,"column":71},"end":{"line":124,"column":14}},"7":{"start":{"line":124,"column":6},"end":{"line":124,"column":13}},"8":{"start":{"line":124,"column":14},"end":{"line":128,"column":35}},"9":{"start":{"line":124,"column":67},"end":{"line":124,"column":112}},"10":{"start":{"line":124,"column":113},"end":{"line":128,"column":32}},"11":{"start":{"line":125,"column":8},"end":{"line":125,"column":39}},"12":{"start":{"line":127,"column":8},"end":{"line":127,"column":178}},"13":{"start":{"line":127,"column":50},"end":{"line":127,"column":175}},"14":{"start":{"line":128,"column":8},"end":{"line":128,"column":31}},"15":{"start":{"line":128,"column":70},"end":{"line":135,"column":156}},"16":{"start":{"line":128,"column":132},"end":{"line":135,"column":68}},"17":{"start":{"line":128,"column":193},"end":{"line":128,"column":216}},"18":{"start":{"line":128,"column":217},"end":{"line":135,"column":66}},"19":{"start":{"line":128,"column":257},"end":{"line":135,"column":64}},"20":{"start":{"line":128,"column":302},"end":{"line":135,"column":63}},"21":{"start":{"line":132,"column":12},"end":{"line":132,"column":69}},"22":{"start":{"line":135,"column":12},"end":{"line":135,"column":62}},"23":{"start":{"line":135,"column":87},"end":{"line":135,"column":153}},"24":{"start":{"line":136,"column":2},"end":{"line":139,"column":126}},"25":{"start":{"line":137,"column":4},"end":{"line":139,"column":30}},"26":{"start":{"line":138,"column":6},"end":{"line":138,"column":127}},"27":{"start":{"line":138,"column":58},"end":{"line":138,"column":124}},"28":{"start":{"line":138,"column":96},"end":{"line":138,"column":121}},"29":{"start":{"line":139,"column":6},"end":{"line":139,"column":29}},"30":{"start":{"line":139,"column":46},"end":{"line":139,"column":123}},"31":{"start":{"line":139,"column":150},"end":{"line":139,"column":267}},"32":{"start":{"line":139,"column":185},"end":{"line":139,"column":266}},"33":{"start":{"line":139,"column":237},"end":{"line":139,"column":263}}},"fnMap":{"0":{"name":"register","decl":{"start":{"line":120,"column":99},"end":{"line":120,"column":107}},"loc":{"start":{"line":120,"column":110},"end":{"line":128,"column":37}},"line":120},"1":{"name":"(anonymous_1)","decl":{"start":{"line":124,"column":46},"end":{"line":124,"column":47}},"loc":{"start":{"line":124,"column":52},"end":{"line":128,"column":33}},"line":124},"2":{"name":"(anonymous_2)","decl":{"start":{"line":127,"column":43},"end":{"line":127,"column":44}},"loc":{"start":{"line":127,"column":49},"end":{"line":127,"column":176}},"line":127},"3":{"name":"registerValidSW","decl":{"start":{"line":128,"column":46},"end":{"line":128,"column":61}},"loc":{"start":{"line":128,"column":69},"end":{"line":135,"column":157}},"line":128},"4":{"name":"(anonymous_4)","decl":{"start":{"line":128,"column":115},"end":{"line":128,"column":116}},"loc":{"start":{"line":128,"column":131},"end":{"line":135,"column":69}},"line":128},"5":{"name":"(anonymous_5)","decl":{"start":{"line":128,"column":161},"end":{"line":128,"column":162}},"loc":{"start":{"line":128,"column":167},"end":{"line":135,"column":67}},"line":128},"6":{"name":"(anonymous_6)","decl":{"start":{"line":128,"column":250},"end":{"line":128,"column":251}},"loc":{"start":{"line":128,"column":256},"end":{"line":135,"column":65}},"line":128},"7":{"name":"(anonymous_7)","decl":{"start":{"line":135,"column":77},"end":{"line":135,"column":78}},"loc":{"start":{"line":135,"column":86},"end":{"line":135,"column":154}},"line":135},"8":{"name":"checkValidServiceWorker","decl":{"start":{"line":135,"column":166},"end":{"line":135,"column":189}},"loc":{"start":{"line":135,"column":197},"end":{"line":139,"column":127}},"line":135},"9":{"name":"(anonymous_9)","decl":{"start":{"line":136,"column":20},"end":{"line":136,"column":21}},"loc":{"start":{"line":136,"column":32},"end":{"line":139,"column":31}},"line":136},"10":{"name":"(anonymous_10)","decl":{"start":{"line":138,"column":41},"end":{"line":138,"column":42}},"loc":{"start":{"line":138,"column":57},"end":{"line":138,"column":125}},"line":138},"11":{"name":"(anonymous_11)","decl":{"start":{"line":138,"column":89},"end":{"line":138,"column":90}},"loc":{"start":{"line":138,"column":95},"end":{"line":138,"column":122}},"line":138},"12":{"name":"(anonymous_12)","decl":{"start":{"line":139,"column":39},"end":{"line":139,"column":40}},"loc":{"start":{"line":139,"column":45},"end":{"line":139,"column":124}},"line":139},"13":{"name":"unregister","decl":{"start":{"line":139,"column":136},"end":{"line":139,"column":146}},"loc":{"start":{"line":139,"column":149},"end":{"line":139,"column":268}},"line":139},"14":{"name":"(anonymous_14)","decl":{"start":{"line":139,"column":220},"end":{"line":139,"column":221}},"loc":{"start":{"line":139,"column":236},"end":{"line":139,"column":264}},"line":139}},"branchMap":{"0":{"loc":{"start":{"line":118,"column":28},"end":{"line":120,"column":88}},"type":"binary-expr","locations":[{"start":{"line":118,"column":28},"end":{"line":118,"column":68}},{"start":{"line":119,"column":0},"end":{"line":119,"column":36}},{"start":{"line":120,"column":0},"end":{"line":120,"column":88}}],"line":118},"1":{"loc":{"start":{"line":120,"column":111},"end":{"line":128,"column":36}},"type":"if","locations":[{"start":{"line":120,"column":111},"end":{"line":128,"column":36}},{"start":{"line":120,"column":111},"end":{"line":128,"column":36}}],"line":120},"2":{"loc":{"start":{"line":120,"column":115},"end":{"line":120,"column":184}},"type":"binary-expr","locations":[{"start":{"line":120,"column":115},"end":{"line":120,"column":152}},{"start":{"line":120,"column":156},"end":{"line":120,"column":184}}],"line":120},"3":{"loc":{"start":{"line":121,"column":71},"end":{"line":124,"column":14}},"type":"if","locations":[{"start":{"line":121,"column":71},"end":{"line":124,"column":14}},{"start":{"line":121,"column":71},"end":{"line":124,"column":14}}],"line":121},"4":{"loc":{"start":{"line":124,"column":113},"end":{"line":128,"column":32}},"type":"if","locations":[{"start":{"line":124,"column":113},"end":{"line":128,"column":32}},{"start":{"line":124,"column":113},"end":{"line":128,"column":32}}],"line":124},"5":{"loc":{"start":{"line":128,"column":257},"end":{"line":135,"column":64}},"type":"if","locations":[{"start":{"line":128,"column":257},"end":{"line":135,"column":64}},{"start":{"line":128,"column":257},"end":{"line":135,"column":64}}],"line":128},"6":{"loc":{"start":{"line":128,"column":302},"end":{"line":135,"column":63}},"type":"if","locations":[{"start":{"line":128,"column":302},"end":{"line":135,"column":63}},{"start":{"line":128,"column":302},"end":{"line":135,"column":63}}],"line":128},"7":{"loc":{"start":{"line":137,"column":4},"end":{"line":139,"column":30}},"type":"if","locations":[{"start":{"line":137,"column":4},"end":{"line":139,"column":30}},{"start":{"line":137,"column":4},"end":{"line":139,"column":30}}],"line":137},"8":{"loc":{"start":{"line":137,"column":8},"end":{"line":137,"column":100}},"type":"binary-expr","locations":[{"start":{"line":137,"column":8},"end":{"line":137,"column":31}},{"start":{"line":137,"column":35},"end":{"line":137,"column":100}}],"line":137},"9":{"loc":{"start":{"line":139,"column":150},"end":{"line":139,"column":267}},"type":"if","locations":[{"start":{"line":139,"column":150},"end":{"line":139,"column":267}},{"start":{"line":139,"column":150},"end":{"line":139,"column":267}}],"line":139}},"s":{"0":0,"1":0,"2":0,"3":0,"4":0,"5":0,"6":0,"7":0,"8":0,"9":0,"10":0,"11":0,"12":0,"13":0,"14":0,"15":0,"16":0,"17":0,"18":0,"19":0,"20":0,"21":0,"22":0,"23":0,"24":0,"25":0,"26":0,"27":0,"28":0,"29":0,"30":0,"31":0,"32":0,"33":0},"f":{"0":0,"1":0,"2":0,"3":0,"4":0,"5":0,"6":0,"7":0,"8":0,"9":0,"10":0,"11":0,"12":0,"13":0,"14":0},"b":{"0":[0,0,0],"1":[0,0],"2":[0,0],"3":[0,0],"4":[0,0],"5":[0,0],"6":[0,0],"7":[0,0],"8":[0,0],"9":[0,0]}}
,"/Users/henrypye/Documents/Projects/PHD-App/Tracker-Dashboard/src/components/index.js": {"path":"/Users/henrypye/Documents/Projects/PHD-App/Tracker-Dashboard/src/components/index.js","statementMap":{},"fnMap":{},"branchMap":{},"s":{},"f":{},"b":{},"_coverageSchema":"332fd63041d2c1bcb487cc26dd0d5f7d97098a6c","hash":"adb11d236fabb52e6a4520666eff277639d1c4b3"}
,"/Users/henrypye/Documents/Projects/PHD-App/Tracker-Dashboard/src/components/Accounts/index.js": {"path":"/Users/henrypye/Documents/Projects/PHD-App/Tracker-Dashboard/src/components/Accounts/index.js","statementMap":{},"fnMap":{},"branchMap":{},"s":{},"f":{},"b":{},"_coverageSchema":"332fd63041d2c1bcb487cc26dd0d5f7d97098a6c","hash":"d856170cda53f2bbdd294675ecfd875c451bdf6a"}
,"/Users/henrypye/Documents/Projects/PHD-App/Tracker-Dashboard/src/components/Accounts/CreateForm/CreateForm.js": {"path":"/Users/henrypye/Documents/Projects/PHD-App/Tracker-Dashboard/src/components/Accounts/CreateForm/CreateForm.js","statementMap":{"0":{"start":{"line":6,"column":16},"end":{"line":9,"column":3}},"1":{"start":{"line":11,"column":18},"end":{"line":43,"column":1}},"2":{"start":{"line":20,"column":4},"end":{"line":42,"column":11}},"3":{"start":{"line":45,"column":25},"end":{"line":58,"column":13}},"4":{"start":{"line":46,"column":30},"end":{"line":49,"column":5}},"5":{"start":{"line":55,"column":8},"end":{"line":55,"column":28}},"6":{"start":{"line":61,"column":4},"end":{"line":65,"column":6}}},"fnMap":{"0":{"name":"(anonymous_0)","decl":{"start":{"line":11,"column":18},"end":{"line":11,"column":19}},"loc":{"start":{"line":20,"column":4},"end":{"line":42,"column":11}},"line":20},"1":{"name":"(anonymous_1)","decl":{"start":{"line":46,"column":23},"end":{"line":46,"column":24}},"loc":{"start":{"line":46,"column":30},"end":{"line":49,"column":5}},"line":46},"2":{"name":"(anonymous_2)","decl":{"start":{"line":54,"column":19},"end":{"line":54,"column":20}},"loc":{"start":{"line":54,"column":57},"end":{"line":56,"column":5}},"line":54},"3":{"name":"(anonymous_3)","decl":{"start":{"line":60,"column":15},"end":{"line":60,"column":16}},"loc":{"start":{"line":60,"column":21},"end":{"line":66,"column":1}},"line":60}},"branchMap":{"0":{"loc":{"start":{"line":24,"column":17},"end":{"line":24,"column":96}},"type":"cond-expr","locations":[{"start":{"line":24,"column":32},"end":{"line":24,"column":88}},{"start":{"line":24,"column":91},"end":{"line":24,"column":96}}],"line":24},"1":{"loc":{"start":{"line":30,"column":17},"end":{"line":30,"column":108}},"type":"cond-expr","locations":[{"start":{"line":30,"column":37},"end":{"line":30,"column":100}},{"start":{"line":30,"column":103},"end":{"line":30,"column":108}}],"line":30}},"s":{"0":3,"1":3,"2":3,"3":3,"4":3,"5":0,"6":3},"f":{"0":3,"1":3,"2":0,"3":3},"b":{"0":[0,3],"1":[0,3]},"_coverageSchema":"332fd63041d2c1bcb487cc26dd0d5f7d97098a6c","hash":"302386092c5bc981e704d29d5075d8b895a16388"}
,"/Users/henrypye/Documents/Projects/PHD-App/Tracker-Dashboard/src/components/Accounts/CreateForm/index.js": {"path":"/Users/henrypye/Documents/Projects/PHD-App/Tracker-Dashboard/src/components/Accounts/CreateForm/index.js","statementMap":{},"fnMap":{},"branchMap":{},"s":{},"f":{},"b":{},"_coverageSchema":"332fd63041d2c1bcb487cc26dd0d5f7d97098a6c","hash":"670fe038b4753abfd57657aa29dce8dedbc71706"}
,"/Users/henrypye/Documents/Projects/PHD-App/Tracker-Dashboard/src/components/Accounts/Feed/Feed.js": {"path":"/Users/henrypye/Documents/Projects/PHD-App/Tracker-Dashboard/src/components/Accounts/Feed/Feed.js","statementMap":{"0":{"start":{"line":7,"column":20},"end":{"line":27,"column":1}},"1":{"start":{"line":10,"column":4},"end":{"line":26,"column":5}},"2":{"start":{"line":15,"column":24},"end":{"line":21,"column":26}},"3":{"start":{"line":29,"column":24},"end":{"line":31,"column":2}},"4":{"start":{"line":29,"column":34},"end":{"line":31,"column":1}}},"fnMap":{"0":{"name":"(anonymous_0)","decl":{"start":{"line":7,"column":20},"end":{"line":7,"column":21}},"loc":{"start":{"line":9,"column":6},"end":{"line":27,"column":1}},"line":9},"1":{"name":"(anonymous_1)","decl":{"start":{"line":14,"column":32},"end":{"line":14,"column":33}},"loc":{"start":{"line":15,"column":24},"end":{"line":21,"column":26}},"line":15},"2":{"name":"(anonymous_2)","decl":{"start":{"line":29,"column":24},"end":{"line":29,"column":25}},"loc":{"start":{"line":29,"column":34},"end":{"line":31,"column":1}},"line":29}},"branchMap":{},"s":{"0":3,"1":3,"2":0,"3":3,"4":3},"f":{"0":3,"1":0,"2":3},"b":{},"_coverageSchema":"332fd63041d2c1bcb487cc26dd0d5f7d97098a6c","hash":"f142944c668a8d1462739d1b413da1c79f6a57fc"}
,"/Users/henrypye/Documents/Projects/PHD-App/Tracker-Dashboard/src/components/Accounts/Feed/index.js": {"path":"/Users/henrypye/Documents/Projects/PHD-App/Tracker-Dashboard/src/components/Accounts/Feed/index.js","statementMap":{},"fnMap":{},"branchMap":{},"s":{},"f":{},"b":{},"_coverageSchema":"332fd63041d2c1bcb487cc26dd0d5f7d97098a6c","hash":"070031f34ed92dad21fe8547cd6862e46a97dcca"}
,"/Users/henrypye/Documents/Projects/PHD-App/Tracker-Dashboard/src/components/Accounts/Feed/FeedEvent/FeedEvent.js": {"path":"/Users/henrypye/Documents/Projects/PHD-App/Tracker-Dashboard/src/components/Accounts/Feed/FeedEvent/FeedEvent.js","statementMap":{"0":{"start":{"line":11,"column":4},"end":{"line":26,"column":5}}},"fnMap":{"0":{"name":"(anonymous_0)","decl":{"start":{"line":5,"column":15},"end":{"line":5,"column":16}},"loc":{"start":{"line":10,"column":6},"end":{"line":27,"column":1}},"line":10}},"branchMap":{},"s":{"0":1},"f":{"0":1},"b":{},"_coverageSchema":"332fd63041d2c1bcb487cc26dd0d5f7d97098a6c","hash":"b9078dd619c34e18f0b3fad85d69a90d26dcb3e1"}
,"/Users/henrypye/Documents/Projects/PHD-App/Tracker-Dashboard/src/components/Accounts/Feed/FeedEvent/index.js": {"path":"/Users/henrypye/Documents/Projects/PHD-App/Tracker-Dashboard/src/components/Accounts/Feed/FeedEvent/index.js","statementMap":{},"fnMap":{},"branchMap":{},"s":{},"f":{},"b":{},"_coverageSchema":"332fd63041d2c1bcb487cc26dd0d5f7d97098a6c","hash":"7b40814ef2c3638d881f2b4c0688de2221cd3075"}
,"/Users/henrypye/Documents/Projects/PHD-App/Tracker-Dashboard/src/components/Accounts/Feed/FeedEvent/DateAdded/DateAdded.js": {"path":"/Users/henrypye/Documents/Projects/PHD-App/Tracker-Dashboard/src/components/Accounts/Feed/FeedEvent/DateAdded/DateAdded.js","statementMap":{"0":{"start":{"line":7,"column":4},"end":{"line":12,"column":5}}},"fnMap":{"0":{"name":"(anonymous_0)","decl":{"start":{"line":4,"column":15},"end":{"line":4,"column":16}},"loc":{"start":{"line":6,"column":6},"end":{"line":13,"column":1}},"line":6}},"branchMap":{},"s":{"0":2},"f":{"0":2},"b":{},"_coverageSchema":"332fd63041d2c1bcb487cc26dd0d5f7d97098a6c","hash":"e5e45b75686391806a93f6611d4b655d3536ee3b"}
,"/Users/henrypye/Documents/Projects/PHD-App/Tracker-Dashboard/src/components/Accounts/Feed/FeedEvent/DateAdded/index.js": {"path":"/Users/henrypye/Documents/Projects/PHD-App/Tracker-Dashboard/src/components/Accounts/Feed/FeedEvent/DateAdded/index.js","statementMap":{},"fnMap":{},"branchMap":{},"s":{},"f":{},"b":{},"_coverageSchema":"332fd63041d2c1bcb487cc26dd0d5f7d97098a6c","hash":"d4852d50c2fa01223541cbca5a8225776173faf9"}
,"/Users/henrypye/Documents/Projects/PHD-App/Tracker-Dashboard/src/components/Accounts/Feed/FeedEvent/Email/Email.js": {"path":"/Users/henrypye/Documents/Projects/PHD-App/Tracker-Dashboard/src/components/Accounts/Feed/FeedEvent/Email/Email.js","statementMap":{"0":{"start":{"line":7,"column":4},"end":{"line":11,"column":5}}},"fnMap":{"0":{"name":"(anonymous_0)","decl":{"start":{"line":4,"column":15},"end":{"line":4,"column":16}},"loc":{"start":{"line":6,"column":6},"end":{"line":12,"column":1}},"line":6}},"branchMap":{},"s":{"0":2},"f":{"0":2},"b":{},"_coverageSchema":"332fd63041d2c1bcb487cc26dd0d5f7d97098a6c","hash":"85d8902c2d592b89c63a568f357119620d004e67"}
,"/Users/henrypye/Documents/Projects/PHD-App/Tracker-Dashboard/src/components/Accounts/Feed/FeedEvent/Email/index.js": {"path":"/Users/henrypye/Documents/Projects/PHD-App/Tracker-Dashboard/src/components/Accounts/Feed/FeedEvent/Email/index.js","statementMap":{},"fnMap":{},"branchMap":{},"s":{},"f":{},"b":{},"_coverageSchema":"332fd63041d2c1bcb487cc26dd0d5f7d97098a6c","hash":"e40cc143c1a0b038e8e8a921c92848483128e963"}
,"/Users/henrypye/Documents/Projects/PHD-App/Tracker-Dashboard/src/components/Accounts/Feed/FeedEvent/Location/Location.js": {"path":"/Users/henrypye/Documents/Projects/PHD-App/Tracker-Dashboard/src/components/Accounts/Feed/FeedEvent/Location/Location.js","statementMap":{"0":{"start":{"line":8,"column":4},"end":{"line":16,"column":5}}},"fnMap":{"0":{"name":"(anonymous_0)","decl":{"start":{"line":5,"column":15},"end":{"line":5,"column":16}},"loc":{"start":{"line":7,"column":6},"end":{"line":17,"column":1}},"line":7}},"branchMap":{},"s":{"0":2},"f":{"0":2},"b":{},"_coverageSchema":"332fd63041d2c1bcb487cc26dd0d5f7d97098a6c","hash":"dd4e25b9e6f6b312761ee8ca28291e3767e24b7a"}
,"/Users/henrypye/Documents/Projects/PHD-App/Tracker-Dashboard/src/components/Accounts/Feed/FeedEvent/Location/index.js": {"path":"/Users/henrypye/Documents/Projects/PHD-App/Tracker-Dashboard/src/components/Accounts/Feed/FeedEvent/Location/index.js","statementMap":{},"fnMap":{},"branchMap":{},"s":{},"f":{},"b":{},"_coverageSchema":"332fd63041d2c1bcb487cc26dd0d5f7d97098a6c","hash":"782dcea11853aff4e16c432a554705d894aab571"}
,"/Users/henrypye/Documents/Projects/PHD-App/Tracker-Dashboard/src/components/Accounts/Feed/FeedEvent/Remove/Remove.js": {"path":"/Users/henrypye/Documents/Projects/PHD-App/Tracker-Dashboard/src/components/Accounts/Feed/FeedEvent/Remove/Remove.js","statementMap":{"0":{"start":{"line":5,"column":4},"end":{"line":15,"column":5}}},"fnMap":{"0":{"name":"(anonymous_0)","decl":{"start":{"line":4,"column":15},"end":{"line":4,"column":16}},"loc":{"start":{"line":4,"column":21},"end":{"line":16,"column":1}},"line":4}},"branchMap":{},"s":{"0":2},"f":{"0":2},"b":{},"_coverageSchema":"332fd63041d2c1bcb487cc26dd0d5f7d97098a6c","hash":"baa7c68533f3bde5a2058e045bde77a4fd8f010f"}
,"/Users/henrypye/Documents/Projects/PHD-App/Tracker-Dashboard/src/components/Accounts/Feed/FeedEvent/Remove/index.js": {"path":"/Users/henrypye/Documents/Projects/PHD-App/Tracker-Dashboard/src/components/Accounts/Feed/FeedEvent/Remove/index.js","statementMap":{},"fnMap":{},"branchMap":{},"s":{},"f":{},"b":{},"_coverageSchema":"332fd63041d2c1bcb487cc26dd0d5f7d97098a6c","hash":"ef51ac7142e0544e506415631df9a794cf8a04a5"}
,"/Users/henrypye/Documents/Projects/PHD-App/Tracker-Dashboard/src/components/Accounts/Feed/FeedEvent/Summary/Summary.js": {"path":"/Users/henrypye/Documents/Projects/PHD-App/Tracker-Dashboard/src/components/Accounts/Feed/FeedEvent/Summary/Summary.js","statementMap":{"0":{"start":{"line":8,"column":4},"end":{"line":12,"column":5}}},"fnMap":{"0":{"name":"(anonymous_0)","decl":{"start":{"line":4,"column":15},"end":{"line":4,"column":16}},"loc":{"start":{"line":7,"column":6},"end":{"line":13,"column":1}},"line":7}},"branchMap":{"0":{"loc":{"start":{"line":10,"column":13},"end":{"line":10,"column":34}},"type":"binary-expr","locations":[{"start":{"line":10,"column":13},"end":{"line":10,"column":23}},{"start":{"line":10,"column":27},"end":{"line":10,"column":34}}],"line":10}},"s":{"0":2},"f":{"0":2},"b":{"0":[2,2]},"_coverageSchema":"332fd63041d2c1bcb487cc26dd0d5f7d97098a6c","hash":"04f2c55511ca09f30bcd83184db406209c9739e6"}
,"/Users/henrypye/Documents/Projects/PHD-App/Tracker-Dashboard/src/components/Accounts/Feed/FeedEvent/Summary/index.js": {"path":"/Users/henrypye/Documents/Projects/PHD-App/Tracker-Dashboard/src/components/Accounts/Feed/FeedEvent/Summary/index.js","statementMap":{},"fnMap":{},"branchMap":{},"s":{},"f":{},"b":{},"_coverageSchema":"332fd63041d2c1bcb487cc26dd0d5f7d97098a6c","hash":"ca5a6cdece4f2cb104b2843eb0cefd46418941e1"}
,"/Users/henrypye/Documents/Projects/PHD-App/Tracker-Dashboard/src/components/Accounts/Overview/Overview.js": {"path":"/Users/henrypye/Documents/Projects/PHD-App/Tracker-Dashboard/src/components/Accounts/Overview/Overview.js","statementMap":{"0":{"start":{"line":8,"column":2},"end":{"line":19,"column":3}}},"fnMap":{"0":{"name":"(anonymous_0)","decl":{"start":{"line":7,"column":15},"end":{"line":7,"column":16}},"loc":{"start":{"line":7,"column":21},"end":{"line":20,"column":1}},"line":7}},"branchMap":{},"s":{"0":2},"f":{"0":2},"b":{},"_coverageSchema":"332fd63041d2c1bcb487cc26dd0d5f7d97098a6c","hash":"3e61f08b783855112291f7691673934982c1d6f8"}
,"/Users/henrypye/Documents/Projects/PHD-App/Tracker-Dashboard/src/components/Accounts/Overview/index.js": {"path":"/Users/henrypye/Documents/Projects/PHD-App/Tracker-Dashboard/src/components/Accounts/Overview/index.js","statementMap":{},"fnMap":{},"branchMap":{},"s":{},"f":{},"b":{},"_coverageSchema":"332fd63041d2c1bcb487cc26dd0d5f7d97098a6c","hash":"69411e393941b78c268cc092327b0d297f25d028"}
,"/Users/henrypye/Documents/Projects/PHD-App/Tracker-Dashboard/src/components/Header/Header.js": {"path":"/Users/henrypye/Documents/Projects/PHD-App/Tracker-Dashboard/src/components/Header/Header.js","statementMap":{"0":{"start":{"line":7,"column":4},"end":{"line":20,"column":6}}},"fnMap":{"0":{"name":"(anonymous_0)","decl":{"start":{"line":6,"column":15},"end":{"line":6,"column":16}},"loc":{"start":{"line":6,"column":21},"end":{"line":21,"column":1}},"line":6}},"branchMap":{},"s":{"0":2},"f":{"0":2},"b":{},"_coverageSchema":"332fd63041d2c1bcb487cc26dd0d5f7d97098a6c","hash":"651b83ee3b2f0046718f2d9d1e0ae3186c545c09"}
,"/Users/henrypye/Documents/Projects/PHD-App/Tracker-Dashboard/src/components/Header/index.js": {"path":"/Users/henrypye/Documents/Projects/PHD-App/Tracker-Dashboard/src/components/Header/index.js","statementMap":{},"fnMap":{},"branchMap":{},"s":{},"f":{},"b":{},"_coverageSchema":"332fd63041d2c1bcb487cc26dd0d5f7d97098a6c","hash":"0ae155f09d81a2f85ef6470d210718e907ec8bc1"}
,"/Users/henrypye/Documents/Projects/PHD-App/Tracker-Dashboard/src/config/index.js": {"path":"/Users/henrypye/Documents/Projects/PHD-App/Tracker-Dashboard/src/config/index.js","statementMap":{"0":{"start":{"line":1,"column":38},"end":{"line":1,"column":57}},"1":{"start":{"line":2,"column":23},"end":{"line":2,"column":50}}},"fnMap":{},"branchMap":{},"s":{"0":5,"1":5},"f":{},"b":{},"_coverageSchema":"332fd63041d2c1bcb487cc26dd0d5f7d97098a6c","hash":"f5a4437de0c2884202e4b618abcd377a27adbdb7"}
,"/Users/henrypye/Documents/Projects/PHD-App/Tracker-Dashboard/src/containers/index.js": {"path":"/Users/henrypye/Documents/Projects/PHD-App/Tracker-Dashboard/src/containers/index.js","statementMap":{"0":{"start":{"line":1,"column":13},"end":{"line":1,"column":75}},"1":{"start":{"line":1,"column":88},"end":{"line":1,"column":104}},"2":{"start":{"line":2,"column":15},"end":{"line":2,"column":43}},"3":{"start":{"line":2,"column":60},"end":{"line":2,"column":92}},"4":{"start":{"line":2,"column":131},"end":{"line":2,"column":185}},"5":{"start":{"line":2,"column":186},"end":{"line":5,"column":34}}},"fnMap":{"0":{"name":"_interopRequireDefault","decl":{"start":{"line":2,"column":102},"end":{"line":2,"column":124}},"loc":{"start":{"line":2,"column":130},"end":{"line":2,"column":186}},"line":2}},"branchMap":{"0":{"loc":{"start":{"line":2,"column":138},"end":{"line":2,"column":184}},"type":"cond-expr","locations":[{"start":{"line":2,"column":162},"end":{"line":2,"column":165}},{"start":{"line":2,"column":168},"end":{"line":2,"column":184}}],"line":2},"1":{"loc":{"start":{"line":2,"column":138},"end":{"line":2,"column":159}},"type":"binary-expr","locations":[{"start":{"line":2,"column":138},"end":{"line":2,"column":141}},{"start":{"line":2,"column":145},"end":{"line":2,"column":159}}],"line":2}},"s":{"0":0,"1":0,"2":0,"3":0,"4":0,"5":0},"f":{"0":0},"b":{"0":[0,0],"1":[0,0]}}
,"/Users/henrypye/Documents/Projects/PHD-App/Tracker-Dashboard/src/containers/Devices/action.js": {"path":"/Users/henrypye/Documents/Projects/PHD-App/Tracker-Dashboard/src/containers/Devices/action.js","statementMap":{"0":{"start":{"line":1,"column":13},"end":{"line":1,"column":75}},"1":{"start":{"line":1,"column":75},"end":{"line":1,"column":106}},"2":{"start":{"line":1,"column":125},"end":{"line":1,"column":149}},"3":{"start":{"line":1,"column":168},"end":{"line":1,"column":205}},"4":{"start":{"line":2,"column":14},"end":{"line":2,"column":37}},"5":{"start":{"line":2,"column":51},"end":{"line":2,"column":83}},"6":{"start":{"line":4,"column":13},"end":{"line":4,"column":29}},"7":{"start":{"line":4,"column":44},"end":{"line":4,"column":74}},"8":{"start":{"line":4,"column":113},"end":{"line":4,"column":167}},"9":{"start":{"line":4,"column":207},"end":{"line":4,"column":423}},"10":{"start":{"line":4,"column":235},"end":{"line":4,"column":246}},"11":{"start":{"line":4,"column":267},"end":{"line":4,"column":269}},"12":{"start":{"line":4,"column":270},"end":{"line":4,"column":387}},"13":{"start":{"line":4,"column":288},"end":{"line":4,"column":386}},"14":{"start":{"line":4,"column":310},"end":{"line":4,"column":385}},"15":{"start":{"line":4,"column":362},"end":{"line":4,"column":385}},"16":{"start":{"line":4,"column":387},"end":{"line":4,"column":408}},"17":{"start":{"line":4,"column":408},"end":{"line":4,"column":422}},"18":{"start":{"line":6,"column":19},"end":{"line":26,"column":1}},"19":{"start":{"line":6,"column":46},"end":{"line":26,"column":1}},"20":{"start":{"line":7,"column":4},"end":{"line":25,"column":7}},"21":{"start":{"line":11,"column":8},"end":{"line":15,"column":42}},"22":{"start":{"line":19,"column":8},"end":{"line":22,"column":33}}},"fnMap":{"0":{"name":"_interopRequireDefault","decl":{"start":{"line":4,"column":84},"end":{"line":4,"column":106}},"loc":{"start":{"line":4,"column":112},"end":{"line":4,"column":168}},"line":4},"1":{"name":"_interopRequireWildcard","decl":{"start":{"line":4,"column":177},"end":{"line":4,"column":200}},"loc":{"start":{"line":4,"column":206},"end":{"line":4,"column":424}},"line":4},"2":{"name":"(anonymous_2)","decl":{"start":{"line":6,"column":40},"end":{"line":6,"column":41}},"loc":{"start":{"line":6,"column":46},"end":{"line":26,"column":1}},"line":6},"3":{"name":"(anonymous_3)","decl":{"start":{"line":6,"column":46},"end":{"line":6,"column":47}},"loc":{"start":{"line":6,"column":64},"end":{"line":26,"column":1}},"line":6},"4":{"name":"(anonymous_4)","decl":{"start":{"line":10,"column":9},"end":{"line":10,"column":10}},"loc":{"start":{"line":10,"column":19},"end":{"line":18,"column":5}},"line":10},"5":{"name":"(anonymous_5)","decl":{"start":{"line":18,"column":13},"end":{"line":18,"column":14}},"loc":{"start":{"line":18,"column":22},"end":{"line":25,"column":5}},"line":18}},"branchMap":{"0":{"loc":{"start":{"line":4,"column":120},"end":{"line":4,"column":166}},"type":"cond-expr","locations":[{"start":{"line":4,"column":144},"end":{"line":4,"column":147}},{"start":{"line":4,"column":150},"end":{"line":4,"column":166}}],"line":4},"1":{"loc":{"start":{"line":4,"column":120},"end":{"line":4,"column":141}},"type":"binary-expr","locations":[{"start":{"line":4,"column":120},"end":{"line":4,"column":123}},{"start":{"line":4,"column":127},"end":{"line":4,"column":141}}],"line":4},"2":{"loc":{"start":{"line":4,"column":207},"end":{"line":4,"column":423}},"type":"if","locations":[{"start":{"line":4,"column":207},"end":{"line":4,"column":423}},{"start":{"line":4,"column":207},"end":{"line":4,"column":423}}],"line":4},"3":{"loc":{"start":{"line":4,"column":211},"end":{"line":4,"column":232}},"type":"binary-expr","locations":[{"start":{"line":4,"column":211},"end":{"line":4,"column":214}},{"start":{"line":4,"column":218},"end":{"line":4,"column":232}}],"line":4},"4":{"loc":{"start":{"line":4,"column":270},"end":{"line":4,"column":387}},"type":"if","locations":[{"start":{"line":4,"column":270},"end":{"line":4,"column":387}},{"start":{"line":4,"column":270},"end":{"line":4,"column":387}}],"line":4},"5":{"loc":{"start":{"line":4,"column":310},"end":{"line":4,"column":385}},"type":"if","locations":[{"start":{"line":4,"column":310},"end":{"line":4,"column":385}},{"start":{"line":4,"column":310},"end":{"line":4,"column":385}}],"line":4}},"s":{"0":0,"1":0,"2":0,"3":0,"4":0,"5":0,"6":0,"7":0,"8":0,"9":0,"10":0,"11":0,"12":0,"13":0,"14":0,"15":0,"16":0,"17":0,"18":0,"19":0,"20":0,"21":0,"22":0},"f":{"0":0,"1":0,"2":0,"3":0,"4":0,"5":0},"b":{"0":[0,0],"1":[0,0],"2":[0,0],"3":[0,0],"4":[0,0],"5":[0,0]}}
,"/Users/henrypye/Documents/Projects/PHD-App/Tracker-Dashboard/src/containers/Devices/actionTypes.js": {"path":"/Users/henrypye/Documents/Projects/PHD-App/Tracker-Dashboard/src/containers/Devices/actionTypes.js","statementMap":{"0":{"start":{"line":1,"column":13},"end":{"line":1,"column":75}},"1":{"start":{"line":1,"column":100},"end":{"line":1,"column":145}}},"fnMap":{},"branchMap":{},"s":{"0":0,"1":0},"f":{},"b":{}}
,"/Users/henrypye/Documents/Projects/PHD-App/Tracker-Dashboard/src/containers/Devices/reducer.js": {"path":"/Users/henrypye/Documents/Projects/PHD-App/Tracker-Dashboard/src/containers/Devices/reducer.js","statementMap":{"0":{"start":{"line":1,"column":13},"end":{"line":1,"column":75}},"1":{"start":{"line":1,"column":75},"end":{"line":22,"column":2}},"2":{"start":{"line":9,"column":18},"end":{"line":9,"column":32}},"3":{"start":{"line":11,"column":4},"end":{"line":20,"column":26}},"4":{"start":{"line":13,"column":12},"end":{"line":17,"column":67}},"5":{"start":{"line":20,"column":12},"end":{"line":20,"column":25}},"6":{"start":{"line":22,"column":21},"end":{"line":22,"column":45}},"7":{"start":{"line":22,"column":64},"end":{"line":22,"column":101}},"8":{"start":{"line":22,"column":141},"end":{"line":22,"column":357}},"9":{"start":{"line":22,"column":169},"end":{"line":22,"column":180}},"10":{"start":{"line":22,"column":201},"end":{"line":22,"column":203}},"11":{"start":{"line":22,"column":204},"end":{"line":22,"column":321}},"12":{"start":{"line":22,"column":222},"end":{"line":22,"column":320}},"13":{"start":{"line":22,"column":244},"end":{"line":22,"column":319}},"14":{"start":{"line":22,"column":296},"end":{"line":22,"column":319}},"15":{"start":{"line":22,"column":321},"end":{"line":22,"column":342}},"16":{"start":{"line":22,"column":342},"end":{"line":22,"column":356}},"17":{"start":{"line":22,"column":379},"end":{"line":22,"column":409}}},"fnMap":{"0":{"name":"(anonymous_0)","decl":{"start":{"line":8,"column":0},"end":{"line":8,"column":1}},"loc":{"start":{"line":8,"column":40},"end":{"line":22,"column":1}},"line":8},"1":{"name":"_interopRequireWildcard","decl":{"start":{"line":22,"column":111},"end":{"line":22,"column":134}},"loc":{"start":{"line":22,"column":140},"end":{"line":22,"column":358}},"line":22}},"branchMap":{"0":{"loc":{"start":{"line":8,"column":10},"end":{"line":8,"column":30}},"type":"default-arg","locations":[{"start":{"line":8,"column":18},"end":{"line":8,"column":30}}],"line":8},"1":{"loc":{"start":{"line":11,"column":4},"end":{"line":20,"column":26}},"type":"switch","locations":[{"start":{"line":12,"column":8},"end":{"line":17,"column":67}},{"start":{"line":19,"column":8},"end":{"line":20,"column":25}}],"line":11},"2":{"loc":{"start":{"line":17,"column":25},"end":{"line":17,"column":63}},"type":"cond-expr","locations":[{"start":{"line":17,"column":41},"end":{"line":17,"column":45}},{"start":{"line":17,"column":48},"end":{"line":17,"column":63}}],"line":17},"3":{"loc":{"start":{"line":22,"column":141},"end":{"line":22,"column":357}},"type":"if","locations":[{"start":{"line":22,"column":141},"end":{"line":22,"column":357}},{"start":{"line":22,"column":141},"end":{"line":22,"column":357}}],"line":22},"4":{"loc":{"start":{"line":22,"column":145},"end":{"line":22,"column":166}},"type":"binary-expr","locations":[{"start":{"line":22,"column":145},"end":{"line":22,"column":148}},{"start":{"line":22,"column":152},"end":{"line":22,"column":166}}],"line":22},"5":{"loc":{"start":{"line":22,"column":204},"end":{"line":22,"column":321}},"type":"if","locations":[{"start":{"line":22,"column":204},"end":{"line":22,"column":321}},{"start":{"line":22,"column":204},"end":{"line":22,"column":321}}],"line":22},"6":{"loc":{"start":{"line":22,"column":244},"end":{"line":22,"column":319}},"type":"if","locations":[{"start":{"line":22,"column":244},"end":{"line":22,"column":319}},{"start":{"line":22,"column":244},"end":{"line":22,"column":319}}],"line":22}},"s":{"0":0,"1":0,"2":0,"3":0,"4":0,"5":0,"6":0,"7":0,"8":0,"9":0,"10":0,"11":0,"12":0,"13":0,"14":0,"15":0,"16":0,"17":0},"f":{"0":0,"1":0},"b":{"0":[0],"1":[0,0],"2":[0,0],"3":[0,0],"4":[0,0],"5":[0,0],"6":[0,0]}}
,"/Users/henrypye/Documents/Projects/PHD-App/Tracker-Dashboard/src/store/index.js": {"path":"/Users/henrypye/Documents/Projects/PHD-App/Tracker-Dashboard/src/store/index.js","statementMap":{"0":{"start":{"line":1,"column":13},"end":{"line":1,"column":75}},"1":{"start":{"line":1,"column":88},"end":{"line":1,"column":104}},"2":{"start":{"line":2,"column":18},"end":{"line":2,"column":40}},"3":{"start":{"line":2,"column":60},"end":{"line":2,"column":95}},"4":{"start":{"line":3,"column":18},"end":{"line":3,"column":42}},"5":{"start":{"line":3,"column":62},"end":{"line":3,"column":97}},"6":{"start":{"line":4,"column":20},"end":{"line":4,"column":45}},"7":{"start":{"line":4,"column":64},"end":{"line":4,"column":102}},"8":{"start":{"line":4,"column":142},"end":{"line":4,"column":358}},"9":{"start":{"line":4,"column":170},"end":{"line":4,"column":181}},"10":{"start":{"line":4,"column":202},"end":{"line":4,"column":204}},"11":{"start":{"line":4,"column":205},"end":{"line":4,"column":322}},"12":{"start":{"line":4,"column":223},"end":{"line":4,"column":321}},"13":{"start":{"line":4,"column":245},"end":{"line":4,"column":320}},"14":{"start":{"line":4,"column":297},"end":{"line":4,"column":320}},"15":{"start":{"line":4,"column":322},"end":{"line":4,"column":343}},"16":{"start":{"line":4,"column":343},"end":{"line":4,"column":357}},"17":{"start":{"line":4,"column":397},"end":{"line":4,"column":451}},"18":{"start":{"line":6,"column":19},"end":{"line":6,"column":41}},"19":{"start":{"line":6,"column":42},"end":{"line":13,"column":97}}},"fnMap":{"0":{"name":"_interopRequireWildcard","decl":{"start":{"line":4,"column":112},"end":{"line":4,"column":135}},"loc":{"start":{"line":4,"column":141},"end":{"line":4,"column":359}},"line":4},"1":{"name":"_interopRequireDefault","decl":{"start":{"line":4,"column":368},"end":{"line":4,"column":390}},"loc":{"start":{"line":4,"column":396},"end":{"line":4,"column":452}},"line":4}},"branchMap":{"0":{"loc":{"start":{"line":4,"column":142},"end":{"line":4,"column":358}},"type":"if","locations":[{"start":{"line":4,"column":142},"end":{"line":4,"column":358}},{"start":{"line":4,"column":142},"end":{"line":4,"column":358}}],"line":4},"1":{"loc":{"start":{"line":4,"column":146},"end":{"line":4,"column":167}},"type":"binary-expr","locations":[{"start":{"line":4,"column":146},"end":{"line":4,"column":149}},{"start":{"line":4,"column":153},"end":{"line":4,"column":167}}],"line":4},"2":{"loc":{"start":{"line":4,"column":205},"end":{"line":4,"column":322}},"type":"if","locations":[{"start":{"line":4,"column":205},"end":{"line":4,"column":322}},{"start":{"line":4,"column":205},"end":{"line":4,"column":322}}],"line":4},"3":{"loc":{"start":{"line":4,"column":245},"end":{"line":4,"column":320}},"type":"if","locations":[{"start":{"line":4,"column":245},"end":{"line":4,"column":320}},{"start":{"line":4,"column":245},"end":{"line":4,"column":320}}],"line":4},"4":{"loc":{"start":{"line":4,"column":404},"end":{"line":4,"column":450}},"type":"cond-expr","locations":[{"start":{"line":4,"column":428},"end":{"line":4,"column":431}},{"start":{"line":4,"column":434},"end":{"line":4,"column":450}}],"line":4},"5":{"loc":{"start":{"line":4,"column":404},"end":{"line":4,"column":425}},"type":"binary-expr","locations":[{"start":{"line":4,"column":404},"end":{"line":4,"column":407}},{"start":{"line":4,"column":411},"end":{"line":4,"column":425}}],"line":4},"6":{"loc":{"start":{"line":13,"column":0},"end":{"line":13,"column":94}},"type":"binary-expr","locations":[{"start":{"line":13,"column":0},"end":{"line":13,"column":35}},{"start":{"line":13,"column":39},"end":{"line":13,"column":76}},{"start":{"line":13,"column":80},"end":{"line":13,"column":94}}],"line":13}},"s":{"0":0,"1":0,"2":0,"3":0,"4":0,"5":0,"6":0,"7":0,"8":0,"9":0,"10":0,"11":0,"12":0,"13":0,"14":0,"15":0,"16":0,"17":0,"18":0,"19":0},"f":{"0":0,"1":0},"b":{"0":[0,0],"1":[0,0],"2":[0,0],"3":[0,0],"4":[0,0],"5":[0,0],"6":[0,0,0]}}
,"/Users/henrypye/Documents/Projects/PHD-App/Tracker-Dashboard/src/store/stateManager.js": {"path":"/Users/henrypye/Documents/Projects/PHD-App/Tracker-Dashboard/src/store/stateManager.js","statementMap":{"0":{"start":{"line":1,"column":13},"end":{"line":1,"column":75}},"1":{"start":{"line":1,"column":75},"end":{"line":1,"column":151}},"2":{"start":{"line":1,"column":165},"end":{"line":1,"column":185}},"3":{"start":{"line":1,"column":199},"end":{"line":1,"column":231}},"4":{"start":{"line":1,"column":271},"end":{"line":1,"column":487}},"5":{"start":{"line":1,"column":299},"end":{"line":1,"column":310}},"6":{"start":{"line":1,"column":331},"end":{"line":1,"column":333}},"7":{"start":{"line":1,"column":334},"end":{"line":1,"column":451}},"8":{"start":{"line":1,"column":352},"end":{"line":1,"column":450}},"9":{"start":{"line":1,"column":374},"end":{"line":1,"column":449}},"10":{"start":{"line":1,"column":426},"end":{"line":1,"column":449}},"11":{"start":{"line":1,"column":451},"end":{"line":1,"column":472}},"12":{"start":{"line":1,"column":472},"end":{"line":1,"column":486}},"13":{"start":{"line":3,"column":18},"end":{"line":14,"column":1}},"14":{"start":{"line":4,"column":4},"end":{"line":13,"column":5}},"15":{"start":{"line":5,"column":30},"end":{"line":5,"column":81}},"16":{"start":{"line":7,"column":8},"end":{"line":8,"column":33}},"17":{"start":{"line":8,"column":8},"end":{"line":8,"column":33}},"18":{"start":{"line":10,"column":8},"end":{"line":10,"column":43}},"19":{"start":{"line":12,"column":8},"end":{"line":12,"column":33}},"20":{"start":{"line":16,"column":18},"end":{"line":23,"column":1}},"21":{"start":{"line":17,"column":4},"end":{"line":22,"column":5}},"22":{"start":{"line":18,"column":30},"end":{"line":18,"column":51}},"23":{"start":{"line":19,"column":8},"end":{"line":19,"column":77}},"24":{"start":{"line":25,"column":24},"end":{"line":29,"column":1}},"25":{"start":{"line":26,"column":4},"end":{"line":26,"column":14}}},"fnMap":{"0":{"name":"_interopRequireWildcard","decl":{"start":{"line":1,"column":241},"end":{"line":1,"column":264}},"loc":{"start":{"line":1,"column":270},"end":{"line":1,"column":488}},"line":1},"1":{"name":"(anonymous_1)","decl":{"start":{"line":3,"column":38},"end":{"line":3,"column":39}},"loc":{"start":{"line":3,"column":44},"end":{"line":14,"column":1}},"line":3},"2":{"name":"(anonymous_2)","decl":{"start":{"line":16,"column":38},"end":{"line":16,"column":39}},"loc":{"start":{"line":16,"column":47},"end":{"line":23,"column":1}},"line":16},"3":{"name":"(anonymous_3)","decl":{"start":{"line":25,"column":50},"end":{"line":25,"column":51}},"loc":{"start":{"line":25,"column":56},"end":{"line":29,"column":1}},"line":25}},"branchMap":{"0":{"loc":{"start":{"line":1,"column":271},"end":{"line":1,"column":487}},"type":"if","locations":[{"start":{"line":1,"column":271},"end":{"line":1,"column":487}},{"start":{"line":1,"column":271},"end":{"line":1,"column":487}}],"line":1},"1":{"loc":{"start":{"line":1,"column":275},"end":{"line":1,"column":296}},"type":"binary-expr","locations":[{"start":{"line":1,"column":275},"end":{"line":1,"column":278}},{"start":{"line":1,"column":282},"end":{"line":1,"column":296}}],"line":1},"2":{"loc":{"start":{"line":1,"column":334},"end":{"line":1,"column":451}},"type":"if","locations":[{"start":{"line":1,"column":334},"end":{"line":1,"column":451}},{"start":{"line":1,"column":334},"end":{"line":1,"column":451}}],"line":1},"3":{"loc":{"start":{"line":1,"column":374},"end":{"line":1,"column":449}},"type":"if","locations":[{"start":{"line":1,"column":374},"end":{"line":1,"column":449}},{"start":{"line":1,"column":374},"end":{"line":1,"column":449}}],"line":1},"4":{"loc":{"start":{"line":7,"column":8},"end":{"line":8,"column":33}},"type":"if","locations":[{"start":{"line":7,"column":8},"end":{"line":8,"column":33}},{"start":{"line":7,"column":8},"end":{"line":8,"column":33}}],"line":7}},"s":{"0":0,"1":0,"2":0,"3":0,"4":0,"5":0,"6":0,"7":0,"8":0,"9":0,"10":0,"11":0,"12":0,"13":0,"14":0,"15":0,"16":0,"17":0,"18":0,"19":0,"20":0,"21":0,"22":0,"23":0,"24":0,"25":0},"f":{"0":0,"1":0,"2":0,"3":0},"b":{"0":[0,0],"1":[0,0],"2":[0,0],"3":[0,0],"4":[0,0]}}
}
