{"/Users/henrypye/Documents/Projects/PHD-App/Tracker-Dashboard/src/App.js": {"path":"/Users/henrypye/Documents/Projects/PHD-App/Tracker-Dashboard/src/App.js","statementMap":{"0":{"start":{"line":7,"column":2},"end":{"line":13,"column":3}}},"fnMap":{"0":{"name":"(anonymous_0)","decl":{"start":{"line":6,"column":15},"end":{"line":6,"column":16}},"loc":{"start":{"line":6,"column":21},"end":{"line":14,"column":1}},"line":6}},"branchMap":{},"s":{"0":1},"f":{"0":1},"b":{},"_coverageSchema":"332fd63041d2c1bcb487cc26dd0d5f7d97098a6c","hash":"a57034f951690437fca5e040c4ef7fe5136886af"}
,"/Users/henrypye/Documents/Projects/PHD-App/Tracker-Dashboard/src/index.js": {"path":"/Users/henrypye/Documents/Projects/PHD-App/Tracker-Dashboard/src/index.js","statementMap":{"0":{"start":{"line":1,"column":32},"end":{"line":1,"column":107}},"1":{"start":{"line":1,"column":121},"end":{"line":1,"column":137}},"2":{"start":{"line":1,"column":152},"end":{"line":1,"column":182}},"3":{"start":{"line":2,"column":16},"end":{"line":2,"column":36}},"4":{"start":{"line":2,"column":54},"end":{"line":2,"column":87}},"5":{"start":{"line":4,"column":29},"end":{"line":4,"column":63}},"6":{"start":{"line":4,"column":94},"end":{"line":4,"column":140}},"7":{"start":{"line":6,"column":11},"end":{"line":6,"column":27}},"8":{"start":{"line":6,"column":40},"end":{"line":6,"column":68}},"9":{"start":{"line":8,"column":0},"end":{"line":8,"column":23}},"10":{"start":{"line":9,"column":0},"end":{"line":9,"column":44}},"11":{"start":{"line":11,"column":18},"end":{"line":11,"column":40}},"12":{"start":{"line":13,"column":20},"end":{"line":13,"column":51}},"13":{"start":{"line":13,"column":71},"end":{"line":13,"column":109}},"14":{"start":{"line":14,"column":14},"end":{"line":14,"column":52}},"15":{"start":{"line":14,"column":73},"end":{"line":14,"column":105}},"16":{"start":{"line":16,"column":13},"end":{"line":16,"column":31}},"17":{"start":{"line":16,"column":46},"end":{"line":16,"column":76}},"18":{"start":{"line":16,"column":116},"end":{"line":16,"column":332}},"19":{"start":{"line":16,"column":144},"end":{"line":16,"column":155}},"20":{"start":{"line":16,"column":176},"end":{"line":16,"column":178}},"21":{"start":{"line":16,"column":179},"end":{"line":16,"column":296}},"22":{"start":{"line":16,"column":197},"end":{"line":16,"column":295}},"23":{"start":{"line":16,"column":219},"end":{"line":16,"column":294}},"24":{"start":{"line":16,"column":271},"end":{"line":16,"column":294}},"25":{"start":{"line":16,"column":296},"end":{"line":16,"column":317}},"26":{"start":{"line":16,"column":317},"end":{"line":16,"column":331}},"27":{"start":{"line":16,"column":371},"end":{"line":16,"column":425}},"28":{"start":{"line":18,"column":0},"end":{"line":18,"column":53}},"29":{"start":{"line":20,"column":0},"end":{"line":22,"column":3}},"30":{"start":{"line":21,"column":4},"end":{"line":21,"column":55}},"31":{"start":{"line":24,"column":0},"end":{"line":28,"column":33}},"32":{"start":{"line":30,"column":0},"end":{"line":30,"column":39}}},"fnMap":{"0":{"name":"_interopRequireWildcard","decl":{"start":{"line":16,"column":86},"end":{"line":16,"column":109}},"loc":{"start":{"line":16,"column":115},"end":{"line":16,"column":333}},"line":16},"1":{"name":"_interopRequireDefault","decl":{"start":{"line":16,"column":342},"end":{"line":16,"column":364}},"loc":{"start":{"line":16,"column":370},"end":{"line":16,"column":426}},"line":16},"2":{"name":"(anonymous_2)","decl":{"start":{"line":20,"column":26},"end":{"line":20,"column":27}},"loc":{"start":{"line":20,"column":32},"end":{"line":22,"column":1}},"line":20}},"branchMap":{"0":{"loc":{"start":{"line":16,"column":116},"end":{"line":16,"column":332}},"type":"if","locations":[{"start":{"line":16,"column":116},"end":{"line":16,"column":332}},{"start":{"line":16,"column":116},"end":{"line":16,"column":332}}],"line":16},"1":{"loc":{"start":{"line":16,"column":120},"end":{"line":16,"column":141}},"type":"binary-expr","locations":[{"start":{"line":16,"column":120},"end":{"line":16,"column":123}},{"start":{"line":16,"column":127},"end":{"line":16,"column":141}}],"line":16},"2":{"loc":{"start":{"line":16,"column":179},"end":{"line":16,"column":296}},"type":"if","locations":[{"start":{"line":16,"column":179},"end":{"line":16,"column":296}},{"start":{"line":16,"column":179},"end":{"line":16,"column":296}}],"line":16},"3":{"loc":{"start":{"line":16,"column":219},"end":{"line":16,"column":294}},"type":"if","locations":[{"start":{"line":16,"column":219},"end":{"line":16,"column":294}},{"start":{"line":16,"column":219},"end":{"line":16,"column":294}}],"line":16},"4":{"loc":{"start":{"line":16,"column":378},"end":{"line":16,"column":424}},"type":"cond-expr","locations":[{"start":{"line":16,"column":402},"end":{"line":16,"column":405}},{"start":{"line":16,"column":408},"end":{"line":16,"column":424}}],"line":16},"5":{"loc":{"start":{"line":16,"column":378},"end":{"line":16,"column":399}},"type":"binary-expr","locations":[{"start":{"line":16,"column":378},"end":{"line":16,"column":381}},{"start":{"line":16,"column":385},"end":{"line":16,"column":399}}],"line":16}},"s":{"0":0,"1":0,"2":0,"3":0,"4":0,"5":0,"6":0,"7":0,"8":0,"9":0,"10":0,"11":0,"12":0,"13":0,"14":0,"15":0,"16":0,"17":0,"18":0,"19":0,"20":0,"21":0,"22":0,"23":0,"24":0,"25":0,"26":0,"27":0,"28":0,"29":0,"30":0,"31":0,"32":0},"f":{"0":0,"1":0,"2":0},"b":{"0":[0,0],"1":[0,0],"2":[0,0],"3":[0,0],"4":[0,0],"5":[0,0]}}
,"/Users/henrypye/Documents/Projects/PHD-App/Tracker-Dashboard/src/registerServiceWorker.js": {"path":"/Users/henrypye/Documents/Projects/PHD-App/Tracker-Dashboard/src/registerServiceWorker.js","statementMap":{"0":{"start":{"line":1,"column":13},"end":{"line":1,"column":75}},"1":{"start":{"line":1,"column":75},"end":{"line":21,"column":9}},"2":{"start":{"line":21,"column":9},"end":{"line":111,"column":24}},"3":{"start":{"line":118,"column":20},"end":{"line":120,"column":89}},"4":{"start":{"line":120,"column":111},"end":{"line":128,"column":36}},"5":{"start":{"line":121,"column":22},"end":{"line":121,"column":70}},"6":{"start":{"line":121,"column":71},"end":{"line":124,"column":14}},"7":{"start":{"line":124,"column":6},"end":{"line":124,"column":13}},"8":{"start":{"line":124,"column":14},"end":{"line":128,"column":35}},"9":{"start":{"line":124,"column":67},"end":{"line":124,"column":112}},"10":{"start":{"line":124,"column":113},"end":{"line":128,"column":32}},"11":{"start":{"line":125,"column":8},"end":{"line":125,"column":39}},"12":{"start":{"line":127,"column":8},"end":{"line":127,"column":178}},"13":{"start":{"line":127,"column":50},"end":{"line":127,"column":175}},"14":{"start":{"line":128,"column":8},"end":{"line":128,"column":31}},"15":{"start":{"line":128,"column":70},"end":{"line":135,"column":156}},"16":{"start":{"line":128,"column":132},"end":{"line":135,"column":68}},"17":{"start":{"line":128,"column":193},"end":{"line":128,"column":216}},"18":{"start":{"line":128,"column":217},"end":{"line":135,"column":66}},"19":{"start":{"line":128,"column":257},"end":{"line":135,"column":64}},"20":{"start":{"line":128,"column":302},"end":{"line":135,"column":63}},"21":{"start":{"line":132,"column":12},"end":{"line":132,"column":69}},"22":{"start":{"line":135,"column":12},"end":{"line":135,"column":62}},"23":{"start":{"line":135,"column":87},"end":{"line":135,"column":153}},"24":{"start":{"line":136,"column":2},"end":{"line":139,"column":126}},"25":{"start":{"line":137,"column":4},"end":{"line":139,"column":30}},"26":{"start":{"line":138,"column":6},"end":{"line":138,"column":127}},"27":{"start":{"line":138,"column":58},"end":{"line":138,"column":124}},"28":{"start":{"line":138,"column":96},"end":{"line":138,"column":121}},"29":{"start":{"line":139,"column":6},"end":{"line":139,"column":29}},"30":{"start":{"line":139,"column":46},"end":{"line":139,"column":123}},"31":{"start":{"line":139,"column":150},"end":{"line":139,"column":267}},"32":{"start":{"line":139,"column":185},"end":{"line":139,"column":266}},"33":{"start":{"line":139,"column":237},"end":{"line":139,"column":263}}},"fnMap":{"0":{"name":"register","decl":{"start":{"line":120,"column":99},"end":{"line":120,"column":107}},"loc":{"start":{"line":120,"column":110},"end":{"line":128,"column":37}},"line":120},"1":{"name":"(anonymous_1)","decl":{"start":{"line":124,"column":46},"end":{"line":124,"column":47}},"loc":{"start":{"line":124,"column":52},"end":{"line":128,"column":33}},"line":124},"2":{"name":"(anonymous_2)","decl":{"start":{"line":127,"column":43},"end":{"line":127,"column":44}},"loc":{"start":{"line":127,"column":49},"end":{"line":127,"column":176}},"line":127},"3":{"name":"registerValidSW","decl":{"start":{"line":128,"column":46},"end":{"line":128,"column":61}},"loc":{"start":{"line":128,"column":69},"end":{"line":135,"column":157}},"line":128},"4":{"name":"(anonymous_4)","decl":{"start":{"line":128,"column":115},"end":{"line":128,"column":116}},"loc":{"start":{"line":128,"column":131},"end":{"line":135,"column":69}},"line":128},"5":{"name":"(anonymous_5)","decl":{"start":{"line":128,"column":161},"end":{"line":128,"column":162}},"loc":{"start":{"line":128,"column":167},"end":{"line":135,"column":67}},"line":128},"6":{"name":"(anonymous_6)","decl":{"start":{"line":128,"column":250},"end":{"line":128,"column":251}},"loc":{"start":{"line":128,"column":256},"end":{"line":135,"column":65}},"line":128},"7":{"name":"(anonymous_7)","decl":{"start":{"line":135,"column":77},"end":{"line":135,"column":78}},"loc":{"start":{"line":135,"column":86},"end":{"line":135,"column":154}},"line":135},"8":{"name":"checkValidServiceWorker","decl":{"start":{"line":135,"column":166},"end":{"line":135,"column":189}},"loc":{"start":{"line":135,"column":197},"end":{"line":139,"column":127}},"line":135},"9":{"name":"(anonymous_9)","decl":{"start":{"line":136,"column":20},"end":{"line":136,"column":21}},"loc":{"start":{"line":136,"column":32},"end":{"line":139,"column":31}},"line":136},"10":{"name":"(anonymous_10)","decl":{"start":{"line":138,"column":41},"end":{"line":138,"column":42}},"loc":{"start":{"line":138,"column":57},"end":{"line":138,"column":125}},"line":138},"11":{"name":"(anonymous_11)","decl":{"start":{"line":138,"column":89},"end":{"line":138,"column":90}},"loc":{"start":{"line":138,"column":95},"end":{"line":138,"column":122}},"line":138},"12":{"name":"(anonymous_12)","decl":{"start":{"line":139,"column":39},"end":{"line":139,"column":40}},"loc":{"start":{"line":139,"column":45},"end":{"line":139,"column":124}},"line":139},"13":{"name":"unregister","decl":{"start":{"line":139,"column":136},"end":{"line":139,"column":146}},"loc":{"start":{"line":139,"column":149},"end":{"line":139,"column":268}},"line":139},"14":{"name":"(anonymous_14)","decl":{"start":{"line":139,"column":220},"end":{"line":139,"column":221}},"loc":{"start":{"line":139,"column":236},"end":{"line":139,"column":264}},"line":139}},"branchMap":{"0":{"loc":{"start":{"line":118,"column":28},"end":{"line":120,"column":88}},"type":"binary-expr","locations":[{"start":{"line":118,"column":28},"end":{"line":118,"column":68}},{"start":{"line":119,"column":0},"end":{"line":119,"column":36}},{"start":{"line":120,"column":0},"end":{"line":120,"column":88}}],"line":118},"1":{"loc":{"start":{"line":120,"column":111},"end":{"line":128,"column":36}},"type":"if","locations":[{"start":{"line":120,"column":111},"end":{"line":128,"column":36}},{"start":{"line":120,"column":111},"end":{"line":128,"column":36}}],"line":120},"2":{"loc":{"start":{"line":120,"column":115},"end":{"line":120,"column":184}},"type":"binary-expr","locations":[{"start":{"line":120,"column":115},"end":{"line":120,"column":152}},{"start":{"line":120,"column":156},"end":{"line":120,"column":184}}],"line":120},"3":{"loc":{"start":{"line":121,"column":71},"end":{"line":124,"column":14}},"type":"if","locations":[{"start":{"line":121,"column":71},"end":{"line":124,"column":14}},{"start":{"line":121,"column":71},"end":{"line":124,"column":14}}],"line":121},"4":{"loc":{"start":{"line":124,"column":113},"end":{"line":128,"column":32}},"type":"if","locations":[{"start":{"line":124,"column":113},"end":{"line":128,"column":32}},{"start":{"line":124,"column":113},"end":{"line":128,"column":32}}],"line":124},"5":{"loc":{"start":{"line":128,"column":257},"end":{"line":135,"column":64}},"type":"if","locations":[{"start":{"line":128,"column":257},"end":{"line":135,"column":64}},{"start":{"line":128,"column":257},"end":{"line":135,"column":64}}],"line":128},"6":{"loc":{"start":{"line":128,"column":302},"end":{"line":135,"column":63}},"type":"if","locations":[{"start":{"line":128,"column":302},"end":{"line":135,"column":63}},{"start":{"line":128,"column":302},"end":{"line":135,"column":63}}],"line":128},"7":{"loc":{"start":{"line":137,"column":4},"end":{"line":139,"column":30}},"type":"if","locations":[{"start":{"line":137,"column":4},"end":{"line":139,"column":30}},{"start":{"line":137,"column":4},"end":{"line":139,"column":30}}],"line":137},"8":{"loc":{"start":{"line":137,"column":8},"end":{"line":137,"column":100}},"type":"binary-expr","locations":[{"start":{"line":137,"column":8},"end":{"line":137,"column":31}},{"start":{"line":137,"column":35},"end":{"line":137,"column":100}}],"line":137},"9":{"loc":{"start":{"line":139,"column":150},"end":{"line":139,"column":267}},"type":"if","locations":[{"start":{"line":139,"column":150},"end":{"line":139,"column":267}},{"start":{"line":139,"column":150},"end":{"line":139,"column":267}}],"line":139}},"s":{"0":0,"1":0,"2":0,"3":0,"4":0,"5":0,"6":0,"7":0,"8":0,"9":0,"10":0,"11":0,"12":0,"13":0,"14":0,"15":0,"16":0,"17":0,"18":0,"19":0,"20":0,"21":0,"22":0,"23":0,"24":0,"25":0,"26":0,"27":0,"28":0,"29":0,"30":0,"31":0,"32":0,"33":0},"f":{"0":0,"1":0,"2":0,"3":0,"4":0,"5":0,"6":0,"7":0,"8":0,"9":0,"10":0,"11":0,"12":0,"13":0,"14":0},"b":{"0":[0,0,0],"1":[0,0],"2":[0,0],"3":[0,0],"4":[0,0],"5":[0,0],"6":[0,0],"7":[0,0],"8":[0,0],"9":[0,0]}}
,"/Users/henrypye/Documents/Projects/PHD-App/Tracker-Dashboard/src/components/index.js": {"path":"/Users/henrypye/Documents/Projects/PHD-App/Tracker-Dashboard/src/components/index.js","statementMap":{},"fnMap":{},"branchMap":{},"s":{},"f":{},"b":{},"_coverageSchema":"332fd63041d2c1bcb487cc26dd0d5f7d97098a6c","hash":"adb11d236fabb52e6a4520666eff277639d1c4b3"}
,"/Users/henrypye/Documents/Projects/PHD-App/Tracker-Dashboard/src/components/Accounts/index.js": {"path":"/Users/henrypye/Documents/Projects/PHD-App/Tracker-Dashboard/src/components/Accounts/index.js","statementMap":{},"fnMap":{},"branchMap":{},"s":{},"f":{},"b":{},"_coverageSchema":"332fd63041d2c1bcb487cc26dd0d5f7d97098a6c","hash":"d856170cda53f2bbdd294675ecfd875c451bdf6a"}
,"/Users/henrypye/Documents/Projects/PHD-App/Tracker-Dashboard/src/components/Accounts/CreateForm/CreateForm.js": {"path":"/Users/henrypye/Documents/Projects/PHD-App/Tracker-Dashboard/src/components/Accounts/CreateForm/CreateForm.js","statementMap":{"0":{"start":{"line":9,"column":16},"end":{"line":12,"column":3}},"1":{"start":{"line":14,"column":18},"end":{"line":52,"column":1}},"2":{"start":{"line":23,"column":10},"end":{"line":23,"column":15}},"3":{"start":{"line":25,"column":26},"end":{"line":27,"column":5}},"4":{"start":{"line":26,"column":8},"end":{"line":26,"column":35}},"5":{"start":{"line":29,"column":4},"end":{"line":51,"column":6}},"6":{"start":{"line":54,"column":25},"end":{"line":70,"column":13}},"7":{"start":{"line":55,"column":30},"end":{"line":58,"column":5}},"8":{"start":{"line":64,"column":8},"end":{"line":67,"column":10}},"9":{"start":{"line":65,"column":12},"end":{"line":65,"column":33}},"10":{"start":{"line":66,"column":12},"end":{"line":66,"column":37}},"11":{"start":{"line":72,"column":27},"end":{"line":74,"column":2}},"12":{"start":{"line":72,"column":40},"end":{"line":74,"column":1}},"13":{"start":{"line":73,"column":45},"end":{"line":73,"column":101}}},"fnMap":{"0":{"name":"(anonymous_0)","decl":{"start":{"line":14,"column":18},"end":{"line":14,"column":19}},"loc":{"start":{"line":14,"column":27},"end":{"line":52,"column":1}},"line":14},"1":{"name":"(anonymous_1)","decl":{"start":{"line":25,"column":26},"end":{"line":25,"column":27}},"loc":{"start":{"line":25,"column":50},"end":{"line":27,"column":5}},"line":25},"2":{"name":"(anonymous_2)","decl":{"start":{"line":55,"column":23},"end":{"line":55,"column":24}},"loc":{"start":{"line":55,"column":30},"end":{"line":58,"column":5}},"line":55},"3":{"name":"(anonymous_3)","decl":{"start":{"line":63,"column":19},"end":{"line":63,"column":20}},"loc":{"start":{"line":63,"column":57},"end":{"line":68,"column":5}},"line":63},"4":{"name":"(anonymous_4)","decl":{"start":{"line":64,"column":57},"end":{"line":64,"column":58}},"loc":{"start":{"line":64,"column":63},"end":{"line":67,"column":9}},"line":64},"5":{"name":"(anonymous_5)","decl":{"start":{"line":72,"column":27},"end":{"line":72,"column":28}},"loc":{"start":{"line":72,"column":40},"end":{"line":74,"column":1}},"line":72},"6":{"name":"(anonymous_6)","decl":{"start":{"line":73,"column":16},"end":{"line":73,"column":17}},"loc":{"start":{"line":73,"column":43},"end":{"line":73,"column":103}},"line":73}},"branchMap":{"0":{"loc":{"start":{"line":32,"column":17},"end":{"line":32,"column":98}},"type":"cond-expr","locations":[{"start":{"line":32,"column":32},"end":{"line":32,"column":90}},{"start":{"line":32,"column":93},"end":{"line":32,"column":98}}],"line":32},"1":{"loc":{"start":{"line":42,"column":21},"end":{"line":42,"column":102}},"type":"cond-expr","locations":[{"start":{"line":42,"column":41},"end":{"line":42,"column":94}},{"start":{"line":42,"column":97},"end":{"line":42,"column":102}}],"line":42}},"s":{"0":3,"1":3,"2":3,"3":3,"4":0,"5":3,"6":3,"7":3,"8":0,"9":0,"10":0,"11":3,"12":3,"13":0},"f":{"0":3,"1":0,"2":3,"3":0,"4":0,"5":3,"6":0},"b":{"0":[0,3],"1":[0,3]},"_coverageSchema":"332fd63041d2c1bcb487cc26dd0d5f7d97098a6c","hash":"718854b1ad2857bdcd35bea64510bfc5e6a1f9d3"}
,"/Users/henrypye/Documents/Projects/PHD-App/Tracker-Dashboard/src/components/Accounts/CreateForm/index.js": {"path":"/Users/henrypye/Documents/Projects/PHD-App/Tracker-Dashboard/src/components/Accounts/CreateForm/index.js","statementMap":{},"fnMap":{},"branchMap":{},"s":{},"f":{},"b":{},"_coverageSchema":"332fd63041d2c1bcb487cc26dd0d5f7d97098a6c","hash":"670fe038b4753abfd57657aa29dce8dedbc71706"}
,"/Users/henrypye/Documents/Projects/PHD-App/Tracker-Dashboard/src/components/Accounts/Feed/Feed.js": {"path":"/Users/henrypye/Documents/Projects/PHD-App/Tracker-Dashboard/src/components/Accounts/Feed/Feed.js","statementMap":{"0":{"start":{"line":8,"column":20},"end":{"line":34,"column":1}},"1":{"start":{"line":12,"column":4},"end":{"line":33,"column":5}},"2":{"start":{"line":18,"column":28},"end":{"line":24,"column":30}},"3":{"start":{"line":36,"column":24},"end":{"line":39,"column":2}},"4":{"start":{"line":36,"column":34},"end":{"line":39,"column":1}}},"fnMap":{"0":{"name":"(anonymous_0)","decl":{"start":{"line":8,"column":20},"end":{"line":8,"column":21}},"loc":{"start":{"line":11,"column":6},"end":{"line":34,"column":1}},"line":11},"1":{"name":"(anonymous_1)","decl":{"start":{"line":17,"column":36},"end":{"line":17,"column":37}},"loc":{"start":{"line":18,"column":28},"end":{"line":24,"column":30}},"line":18},"2":{"name":"(anonymous_2)","decl":{"start":{"line":36,"column":24},"end":{"line":36,"column":25}},"loc":{"start":{"line":36,"column":34},"end":{"line":39,"column":1}},"line":36}},"branchMap":{"0":{"loc":{"start":{"line":16,"column":20},"end":{"line":29,"column":26}},"type":"cond-expr","locations":[{"start":{"line":17,"column":24},"end":{"line":25,"column":26}},{"start":{"line":27,"column":24},"end":{"line":29,"column":26}}],"line":16}},"s":{"0":3,"1":3,"2":0,"3":3,"4":3},"f":{"0":3,"1":0,"2":3},"b":{"0":[3,0]},"_coverageSchema":"332fd63041d2c1bcb487cc26dd0d5f7d97098a6c","hash":"939874b1a88edfcf6cf82247678aba9a95c8b934"}
,"/Users/henrypye/Documents/Projects/PHD-App/Tracker-Dashboard/src/components/Accounts/Feed/index.js": {"path":"/Users/henrypye/Documents/Projects/PHD-App/Tracker-Dashboard/src/components/Accounts/Feed/index.js","statementMap":{},"fnMap":{},"branchMap":{},"s":{},"f":{},"b":{},"_coverageSchema":"332fd63041d2c1bcb487cc26dd0d5f7d97098a6c","hash":"070031f34ed92dad21fe8547cd6862e46a97dcca"}
,"/Users/henrypye/Documents/Projects/PHD-App/Tracker-Dashboard/src/components/Accounts/Feed/DefaultEvent/DefaultEvent.js": {"path":"/Users/henrypye/Documents/Projects/PHD-App/Tracker-Dashboard/src/components/Accounts/Feed/DefaultEvent/DefaultEvent.js","statementMap":{"0":{"start":{"line":7,"column":4},"end":{"line":16,"column":17}}},"fnMap":{"0":{"name":"(anonymous_0)","decl":{"start":{"line":4,"column":15},"end":{"line":4,"column":16}},"loc":{"start":{"line":7,"column":4},"end":{"line":16,"column":17}},"line":7}},"branchMap":{},"s":{"0":1},"f":{"0":1},"b":{},"_coverageSchema":"332fd63041d2c1bcb487cc26dd0d5f7d97098a6c","hash":"044eecdefd43c18fc94b4769b3566fbd5db29e83"}
,"/Users/henrypye/Documents/Projects/PHD-App/Tracker-Dashboard/src/components/Accounts/Feed/DefaultEvent/index.js": {"path":"/Users/henrypye/Documents/Projects/PHD-App/Tracker-Dashboard/src/components/Accounts/Feed/DefaultEvent/index.js","statementMap":{},"fnMap":{},"branchMap":{},"s":{},"f":{},"b":{},"_coverageSchema":"332fd63041d2c1bcb487cc26dd0d5f7d97098a6c","hash":"d94d109e31013803f8372a12e302e48a6d186196"}
,"/Users/henrypye/Documents/Projects/PHD-App/Tracker-Dashboard/src/components/Accounts/Feed/FeedEvent/FeedEvent.js": {"path":"/Users/henrypye/Documents/Projects/PHD-App/Tracker-Dashboard/src/components/Accounts/Feed/FeedEvent/FeedEvent.js","statementMap":{"0":{"start":{"line":11,"column":4},"end":{"line":26,"column":5}}},"fnMap":{"0":{"name":"(anonymous_0)","decl":{"start":{"line":5,"column":15},"end":{"line":5,"column":16}},"loc":{"start":{"line":10,"column":6},"end":{"line":27,"column":1}},"line":10}},"branchMap":{},"s":{"0":1},"f":{"0":1},"b":{},"_coverageSchema":"332fd63041d2c1bcb487cc26dd0d5f7d97098a6c","hash":"b9078dd619c34e18f0b3fad85d69a90d26dcb3e1"}
,"/Users/henrypye/Documents/Projects/PHD-App/Tracker-Dashboard/src/components/Accounts/Feed/FeedEvent/index.js": {"path":"/Users/henrypye/Documents/Projects/PHD-App/Tracker-Dashboard/src/components/Accounts/Feed/FeedEvent/index.js","statementMap":{},"fnMap":{},"branchMap":{},"s":{},"f":{},"b":{},"_coverageSchema":"332fd63041d2c1bcb487cc26dd0d5f7d97098a6c","hash":"7b40814ef2c3638d881f2b4c0688de2221cd3075"}
,"/Users/henrypye/Documents/Projects/PHD-App/Tracker-Dashboard/src/components/Accounts/Feed/FeedEvent/DateAdded/DateAdded.js": {"path":"/Users/henrypye/Documents/Projects/PHD-App/Tracker-Dashboard/src/components/Accounts/Feed/FeedEvent/DateAdded/DateAdded.js","statementMap":{"0":{"start":{"line":7,"column":4},"end":{"line":12,"column":5}}},"fnMap":{"0":{"name":"(anonymous_0)","decl":{"start":{"line":4,"column":15},"end":{"line":4,"column":16}},"loc":{"start":{"line":6,"column":6},"end":{"line":13,"column":1}},"line":6}},"branchMap":{},"s":{"0":2},"f":{"0":2},"b":{},"_coverageSchema":"332fd63041d2c1bcb487cc26dd0d5f7d97098a6c","hash":"e5e45b75686391806a93f6611d4b655d3536ee3b"}
,"/Users/henrypye/Documents/Projects/PHD-App/Tracker-Dashboard/src/components/Accounts/Feed/FeedEvent/DateAdded/index.js": {"path":"/Users/henrypye/Documents/Projects/PHD-App/Tracker-Dashboard/src/components/Accounts/Feed/FeedEvent/DateAdded/index.js","statementMap":{},"fnMap":{},"branchMap":{},"s":{},"f":{},"b":{},"_coverageSchema":"332fd63041d2c1bcb487cc26dd0d5f7d97098a6c","hash":"d4852d50c2fa01223541cbca5a8225776173faf9"}
,"/Users/henrypye/Documents/Projects/PHD-App/Tracker-Dashboard/src/components/Accounts/Feed/FeedEvent/Email/Email.js": {"path":"/Users/henrypye/Documents/Projects/PHD-App/Tracker-Dashboard/src/components/Accounts/Feed/FeedEvent/Email/Email.js","statementMap":{"0":{"start":{"line":7,"column":4},"end":{"line":11,"column":5}}},"fnMap":{"0":{"name":"(anonymous_0)","decl":{"start":{"line":4,"column":15},"end":{"line":4,"column":16}},"loc":{"start":{"line":6,"column":6},"end":{"line":12,"column":1}},"line":6}},"branchMap":{},"s":{"0":2},"f":{"0":2},"b":{},"_coverageSchema":"332fd63041d2c1bcb487cc26dd0d5f7d97098a6c","hash":"85d8902c2d592b89c63a568f357119620d004e67"}
,"/Users/henrypye/Documents/Projects/PHD-App/Tracker-Dashboard/src/components/Accounts/Feed/FeedEvent/Email/index.js": {"path":"/Users/henrypye/Documents/Projects/PHD-App/Tracker-Dashboard/src/components/Accounts/Feed/FeedEvent/Email/index.js","statementMap":{},"fnMap":{},"branchMap":{},"s":{},"f":{},"b":{},"_coverageSchema":"332fd63041d2c1bcb487cc26dd0d5f7d97098a6c","hash":"e40cc143c1a0b038e8e8a921c92848483128e963"}
,"/Users/henrypye/Documents/Projects/PHD-App/Tracker-Dashboard/src/components/Accounts/Feed/FeedEvent/Location/Location.js": {"path":"/Users/henrypye/Documents/Projects/PHD-App/Tracker-Dashboard/src/components/Accounts/Feed/FeedEvent/Location/Location.js","statementMap":{"0":{"start":{"line":8,"column":4},"end":{"line":16,"column":5}}},"fnMap":{"0":{"name":"(anonymous_0)","decl":{"start":{"line":5,"column":15},"end":{"line":5,"column":16}},"loc":{"start":{"line":7,"column":6},"end":{"line":17,"column":1}},"line":7}},"branchMap":{},"s":{"0":2},"f":{"0":2},"b":{},"_coverageSchema":"332fd63041d2c1bcb487cc26dd0d5f7d97098a6c","hash":"dd4e25b9e6f6b312761ee8ca28291e3767e24b7a"}
,"/Users/henrypye/Documents/Projects/PHD-App/Tracker-Dashboard/src/components/Accounts/Feed/FeedEvent/Location/index.js": {"path":"/Users/henrypye/Documents/Projects/PHD-App/Tracker-Dashboard/src/components/Accounts/Feed/FeedEvent/Location/index.js","statementMap":{},"fnMap":{},"branchMap":{},"s":{},"f":{},"b":{},"_coverageSchema":"332fd63041d2c1bcb487cc26dd0d5f7d97098a6c","hash":"782dcea11853aff4e16c432a554705d894aab571"}
,"/Users/henrypye/Documents/Projects/PHD-App/Tracker-Dashboard/src/components/Accounts/Feed/FeedEvent/Remove/Remove.js": {"path":"/Users/henrypye/Documents/Projects/PHD-App/Tracker-Dashboard/src/components/Accounts/Feed/FeedEvent/Remove/Remove.js","statementMap":{"0":{"start":{"line":6,"column":19},"end":{"line":23,"column":1}},"1":{"start":{"line":10,"column":4},"end":{"line":22,"column":5}},"2":{"start":{"line":15,"column":58},"end":{"line":17,"column":18}},"3":{"start":{"line":16,"column":20},"end":{"line":16,"column":44}},"4":{"start":{"line":25,"column":27},"end":{"line":27,"column":2}},"5":{"start":{"line":25,"column":40},"end":{"line":27,"column":1}},"6":{"start":{"line":26,"column":45},"end":{"line":26,"column":101}}},"fnMap":{"0":{"name":"(anonymous_0)","decl":{"start":{"line":6,"column":19},"end":{"line":6,"column":20}},"loc":{"start":{"line":9,"column":6},"end":{"line":23,"column":1}},"line":9},"1":{"name":"(anonymous_1)","decl":{"start":{"line":15,"column":52},"end":{"line":15,"column":53}},"loc":{"start":{"line":15,"column":58},"end":{"line":17,"column":18}},"line":15},"2":{"name":"(anonymous_2)","decl":{"start":{"line":15,"column":82},"end":{"line":15,"column":83}},"loc":{"start":{"line":15,"column":88},"end":{"line":17,"column":17}},"line":15},"3":{"name":"(anonymous_3)","decl":{"start":{"line":25,"column":27},"end":{"line":25,"column":28}},"loc":{"start":{"line":25,"column":40},"end":{"line":27,"column":1}},"line":25},"4":{"name":"(anonymous_4)","decl":{"start":{"line":26,"column":19},"end":{"line":26,"column":20}},"loc":{"start":{"line":26,"column":43},"end":{"line":26,"column":103}},"line":26}},"branchMap":{},"s":{"0":5,"1":2,"2":0,"3":0,"4":5,"5":2,"6":0},"f":{"0":2,"1":0,"2":0,"3":2,"4":0},"b":{},"_coverageSchema":"332fd63041d2c1bcb487cc26dd0d5f7d97098a6c","hash":"82733270af97536ffcec45dcb4ea31baefaab587"}
,"/Users/henrypye/Documents/Projects/PHD-App/Tracker-Dashboard/src/components/Accounts/Feed/FeedEvent/Remove/index.js": {"path":"/Users/henrypye/Documents/Projects/PHD-App/Tracker-Dashboard/src/components/Accounts/Feed/FeedEvent/Remove/index.js","statementMap":{},"fnMap":{},"branchMap":{},"s":{},"f":{},"b":{},"_coverageSchema":"332fd63041d2c1bcb487cc26dd0d5f7d97098a6c","hash":"ef51ac7142e0544e506415631df9a794cf8a04a5"}
,"/Users/henrypye/Documents/Projects/PHD-App/Tracker-Dashboard/src/components/Accounts/Feed/FeedEvent/Summary/Summary.js": {"path":"/Users/henrypye/Documents/Projects/PHD-App/Tracker-Dashboard/src/components/Accounts/Feed/FeedEvent/Summary/Summary.js","statementMap":{"0":{"start":{"line":8,"column":4},"end":{"line":12,"column":5}}},"fnMap":{"0":{"name":"(anonymous_0)","decl":{"start":{"line":4,"column":15},"end":{"line":4,"column":16}},"loc":{"start":{"line":7,"column":6},"end":{"line":13,"column":1}},"line":7}},"branchMap":{"0":{"loc":{"start":{"line":10,"column":13},"end":{"line":10,"column":34}},"type":"binary-expr","locations":[{"start":{"line":10,"column":13},"end":{"line":10,"column":23}},{"start":{"line":10,"column":27},"end":{"line":10,"column":34}}],"line":10}},"s":{"0":2},"f":{"0":2},"b":{"0":[2,2]},"_coverageSchema":"332fd63041d2c1bcb487cc26dd0d5f7d97098a6c","hash":"04f2c55511ca09f30bcd83184db406209c9739e6"}
,"/Users/henrypye/Documents/Projects/PHD-App/Tracker-Dashboard/src/components/Accounts/Feed/FeedEvent/Summary/index.js": {"path":"/Users/henrypye/Documents/Projects/PHD-App/Tracker-Dashboard/src/components/Accounts/Feed/FeedEvent/Summary/index.js","statementMap":{},"fnMap":{},"branchMap":{},"s":{},"f":{},"b":{},"_coverageSchema":"332fd63041d2c1bcb487cc26dd0d5f7d97098a6c","hash":"ca5a6cdece4f2cb104b2843eb0cefd46418941e1"}
,"/Users/henrypye/Documents/Projects/PHD-App/Tracker-Dashboard/src/components/Accounts/Overview/Overview.js": {"path":"/Users/henrypye/Documents/Projects/PHD-App/Tracker-Dashboard/src/components/Accounts/Overview/Overview.js","statementMap":{"0":{"start":{"line":9,"column":2},"end":{"line":25,"column":3}}},"fnMap":{"0":{"name":"(anonymous_0)","decl":{"start":{"line":8,"column":15},"end":{"line":8,"column":16}},"loc":{"start":{"line":8,"column":21},"end":{"line":26,"column":1}},"line":8}},"branchMap":{},"s":{"0":2},"f":{"0":2},"b":{},"_coverageSchema":"332fd63041d2c1bcb487cc26dd0d5f7d97098a6c","hash":"0b6447c8ae44d57506f516819f3735a2f13801a1"}
,"/Users/henrypye/Documents/Projects/PHD-App/Tracker-Dashboard/src/components/Accounts/Overview/index.js": {"path":"/Users/henrypye/Documents/Projects/PHD-App/Tracker-Dashboard/src/components/Accounts/Overview/index.js","statementMap":{},"fnMap":{},"branchMap":{},"s":{},"f":{},"b":{},"_coverageSchema":"332fd63041d2c1bcb487cc26dd0d5f7d97098a6c","hash":"69411e393941b78c268cc092327b0d297f25d028"}
,"/Users/henrypye/Documents/Projects/PHD-App/Tracker-Dashboard/src/components/Header/Header.js": {"path":"/Users/henrypye/Documents/Projects/PHD-App/Tracker-Dashboard/src/components/Header/Header.js","statementMap":{"0":{"start":{"line":7,"column":4},"end":{"line":20,"column":6}}},"fnMap":{"0":{"name":"(anonymous_0)","decl":{"start":{"line":6,"column":15},"end":{"line":6,"column":16}},"loc":{"start":{"line":6,"column":21},"end":{"line":21,"column":1}},"line":6}},"branchMap":{},"s":{"0":2},"f":{"0":2},"b":{},"_coverageSchema":"332fd63041d2c1bcb487cc26dd0d5f7d97098a6c","hash":"651b83ee3b2f0046718f2d9d1e0ae3186c545c09"}
,"/Users/henrypye/Documents/Projects/PHD-App/Tracker-Dashboard/src/components/Header/index.js": {"path":"/Users/henrypye/Documents/Projects/PHD-App/Tracker-Dashboard/src/components/Header/index.js","statementMap":{},"fnMap":{},"branchMap":{},"s":{},"f":{},"b":{},"_coverageSchema":"332fd63041d2c1bcb487cc26dd0d5f7d97098a6c","hash":"0ae155f09d81a2f85ef6470d210718e907ec8bc1"}
,"/Users/henrypye/Documents/Projects/PHD-App/Tracker-Dashboard/src/components/Labels/index.js": {"path":"/Users/henrypye/Documents/Projects/PHD-App/Tracker-Dashboard/src/components/Labels/index.js","statementMap":{},"fnMap":{},"branchMap":{},"s":{},"f":{},"b":{},"_coverageSchema":"332fd63041d2c1bcb487cc26dd0d5f7d97098a6c","hash":"fd876ff55a46c7ce650bd28eb96a37cd77c81d67"}
,"/Users/henrypye/Documents/Projects/PHD-App/Tracker-Dashboard/src/components/Labels/Error/index.js": {"path":"/Users/henrypye/Documents/Projects/PHD-App/Tracker-Dashboard/src/components/Labels/Error/index.js","statementMap":{"0":{"start":{"line":8,"column":4},"end":{"line":13,"column":12}}},"fnMap":{"0":{"name":"(anonymous_0)","decl":{"start":{"line":4,"column":14},"end":{"line":4,"column":15}},"loc":{"start":{"line":8,"column":4},"end":{"line":13,"column":12}},"line":8}},"branchMap":{},"s":{"0":1},"f":{"0":1},"b":{},"_coverageSchema":"332fd63041d2c1bcb487cc26dd0d5f7d97098a6c","hash":"93cd64c835ffc6536a07ec41876ee6b506a1a215"}
,"/Users/henrypye/Documents/Projects/PHD-App/Tracker-Dashboard/src/components/Login/index.js": {"path":"/Users/henrypye/Documents/Projects/PHD-App/Tracker-Dashboard/src/components/Login/index.js","statementMap":{},"fnMap":{},"branchMap":{},"s":{},"f":{},"b":{},"_coverageSchema":"332fd63041d2c1bcb487cc26dd0d5f7d97098a6c","hash":"1041d5c8e8d3cbadba384de22938aefc8ffdbd70"}
,"/Users/henrypye/Documents/Projects/PHD-App/Tracker-Dashboard/src/components/Login/Modal/LoginModal.js": {"path":"/Users/henrypye/Documents/Projects/PHD-App/Tracker-Dashboard/src/components/Login/Modal/LoginModal.js","statementMap":{"0":{"start":{"line":7,"column":19},"end":{"line":22,"column":1}},"1":{"start":{"line":10,"column":4},"end":{"line":21,"column":6}},"2":{"start":{"line":24,"column":24},"end":{"line":26,"column":2}},"3":{"start":{"line":24,"column":34},"end":{"line":26,"column":1}}},"fnMap":{"0":{"name":"(anonymous_0)","decl":{"start":{"line":7,"column":19},"end":{"line":7,"column":20}},"loc":{"start":{"line":9,"column":6},"end":{"line":22,"column":1}},"line":9},"1":{"name":"(anonymous_1)","decl":{"start":{"line":24,"column":24},"end":{"line":24,"column":25}},"loc":{"start":{"line":24,"column":34},"end":{"line":26,"column":1}},"line":24}},"branchMap":{},"s":{"0":2,"1":2,"2":2,"3":2},"f":{"0":2,"1":2},"b":{},"_coverageSchema":"332fd63041d2c1bcb487cc26dd0d5f7d97098a6c","hash":"7a23e14f66d6af06c54ef794f2338e9db53c758d"}
,"/Users/henrypye/Documents/Projects/PHD-App/Tracker-Dashboard/src/components/Login/Modal/index.js": {"path":"/Users/henrypye/Documents/Projects/PHD-App/Tracker-Dashboard/src/components/Login/Modal/index.js","statementMap":{},"fnMap":{},"branchMap":{},"s":{},"f":{},"b":{},"_coverageSchema":"332fd63041d2c1bcb487cc26dd0d5f7d97098a6c","hash":"1637edffd476935902f675f9e981dfae013a229c"}
,"/Users/henrypye/Documents/Projects/PHD-App/Tracker-Dashboard/src/components/Login/Modal/LoginForm/LoginForm.js": {"path":"/Users/henrypye/Documents/Projects/PHD-App/Tracker-Dashboard/src/components/Login/Modal/LoginForm/LoginForm.js","statementMap":{"0":{"start":{"line":10,"column":19},"end":{"line":41,"column":1}},"1":{"start":{"line":19,"column":4},"end":{"line":40,"column":11}},"2":{"start":{"line":43,"column":18},"end":{"line":58,"column":14}},"3":{"start":{"line":44,"column":30},"end":{"line":47,"column":5}},"4":{"start":{"line":53,"column":8},"end":{"line":55,"column":11}},"5":{"start":{"line":54,"column":12},"end":{"line":54,"column":36}},"6":{"start":{"line":60,"column":27},"end":{"line":62,"column":2}},"7":{"start":{"line":60,"column":40},"end":{"line":62,"column":1}},"8":{"start":{"line":61,"column":49},"end":{"line":61,"column":108}}},"fnMap":{"0":{"name":"(anonymous_0)","decl":{"start":{"line":10,"column":19},"end":{"line":10,"column":20}},"loc":{"start":{"line":19,"column":4},"end":{"line":40,"column":11}},"line":19},"1":{"name":"(anonymous_1)","decl":{"start":{"line":44,"column":23},"end":{"line":44,"column":24}},"loc":{"start":{"line":44,"column":30},"end":{"line":47,"column":5}},"line":44},"2":{"name":"(anonymous_2)","decl":{"start":{"line":52,"column":19},"end":{"line":52,"column":20}},"loc":{"start":{"line":52,"column":57},"end":{"line":56,"column":5}},"line":52},"3":{"name":"(anonymous_3)","decl":{"start":{"line":53,"column":55},"end":{"line":53,"column":56}},"loc":{"start":{"line":53,"column":69},"end":{"line":55,"column":9}},"line":53},"4":{"name":"(anonymous_4)","decl":{"start":{"line":60,"column":27},"end":{"line":60,"column":28}},"loc":{"start":{"line":60,"column":40},"end":{"line":62,"column":1}},"line":60},"5":{"name":"(anonymous_5)","decl":{"start":{"line":61,"column":16},"end":{"line":61,"column":17}},"loc":{"start":{"line":61,"column":47},"end":{"line":61,"column":110}},"line":61}},"branchMap":{"0":{"loc":{"start":{"line":22,"column":17},"end":{"line":22,"column":98}},"type":"cond-expr","locations":[{"start":{"line":22,"column":32},"end":{"line":22,"column":90}},{"start":{"line":22,"column":93},"end":{"line":22,"column":98}}],"line":22},"1":{"loc":{"start":{"line":28,"column":17},"end":{"line":28,"column":104}},"type":"cond-expr","locations":[{"start":{"line":28,"column":35},"end":{"line":28,"column":96}},{"start":{"line":28,"column":99},"end":{"line":28,"column":104}}],"line":28}},"s":{"0":3,"1":3,"2":3,"3":3,"4":0,"5":0,"6":3,"7":3,"8":0},"f":{"0":3,"1":3,"2":0,"3":0,"4":3,"5":0},"b":{"0":[0,3],"1":[0,3]},"_coverageSchema":"332fd63041d2c1bcb487cc26dd0d5f7d97098a6c","hash":"4297e9485f759c5f4ab19cf4f2e16a9532460a21"}
,"/Users/henrypye/Documents/Projects/PHD-App/Tracker-Dashboard/src/components/Login/Modal/LoginForm/index.js": {"path":"/Users/henrypye/Documents/Projects/PHD-App/Tracker-Dashboard/src/components/Login/Modal/LoginForm/index.js","statementMap":{},"fnMap":{},"branchMap":{},"s":{},"f":{},"b":{},"_coverageSchema":"332fd63041d2c1bcb487cc26dd0d5f7d97098a6c","hash":"3c8e4aad85cb74803cf88adef5e6641d4590477c"}
,"/Users/henrypye/Documents/Projects/PHD-App/Tracker-Dashboard/src/components/Login/Modal/Template/index.js": {"path":"/Users/henrypye/Documents/Projects/PHD-App/Tracker-Dashboard/src/components/Login/Modal/Template/index.js","statementMap":{"0":{"start":{"line":4,"column":17},"end":{"line":8,"column":1}},"1":{"start":{"line":14,"column":4},"end":{"line":25,"column":12}}},"fnMap":{"0":{"name":"(anonymous_0)","decl":{"start":{"line":10,"column":15},"end":{"line":10,"column":16}},"loc":{"start":{"line":14,"column":4},"end":{"line":25,"column":12}},"line":14}},"branchMap":{},"s":{"0":3,"1":3},"f":{"0":3},"b":{},"_coverageSchema":"332fd63041d2c1bcb487cc26dd0d5f7d97098a6c","hash":"afc902c7acb68799ad80a3d4924f6a8a329890e0"}
,"/Users/henrypye/Documents/Projects/PHD-App/Tracker-Dashboard/src/components/MenuBar/MenuBar.js": {"path":"/Users/henrypye/Documents/Projects/PHD-App/Tracker-Dashboard/src/components/MenuBar/MenuBar.js","statementMap":{"0":{"start":{"line":6,"column":4},"end":{"line":12,"column":11}}},"fnMap":{"0":{"name":"(anonymous_0)","decl":{"start":{"line":5,"column":15},"end":{"line":5,"column":16}},"loc":{"start":{"line":6,"column":4},"end":{"line":12,"column":11}},"line":6}},"branchMap":{},"s":{"0":3},"f":{"0":3},"b":{},"_coverageSchema":"332fd63041d2c1bcb487cc26dd0d5f7d97098a6c","hash":"0fd9b68c73b43d1a01afbc3a8acac13ee662e849"}
,"/Users/henrypye/Documents/Projects/PHD-App/Tracker-Dashboard/src/components/MenuBar/index.js": {"path":"/Users/henrypye/Documents/Projects/PHD-App/Tracker-Dashboard/src/components/MenuBar/index.js","statementMap":{},"fnMap":{},"branchMap":{},"s":{},"f":{},"b":{},"_coverageSchema":"332fd63041d2c1bcb487cc26dd0d5f7d97098a6c","hash":"06cf252e5a69df51a9d6d90df087899c1ad4e9c6"}
,"/Users/henrypye/Documents/Projects/PHD-App/Tracker-Dashboard/src/components/MenuBar/Logout/Logout.js": {"path":"/Users/henrypye/Documents/Projects/PHD-App/Tracker-Dashboard/src/components/MenuBar/Logout/Logout.js","statementMap":{"0":{"start":{"line":6,"column":15},"end":{"line":10,"column":1}},"1":{"start":{"line":9,"column":4},"end":{"line":9,"column":67}},"2":{"start":{"line":9,"column":49},"end":{"line":9,"column":64}},"3":{"start":{"line":12,"column":27},"end":{"line":14,"column":2}},"4":{"start":{"line":12,"column":40},"end":{"line":14,"column":1}},"5":{"start":{"line":13,"column":28},"end":{"line":13,"column":59}},"6":{"start":{"line":13,"column":60},"end":{"line":13,"column":85}}},"fnMap":{"0":{"name":"(anonymous_0)","decl":{"start":{"line":6,"column":15},"end":{"line":6,"column":16}},"loc":{"start":{"line":9,"column":4},"end":{"line":9,"column":67}},"line":9},"1":{"name":"(anonymous_1)","decl":{"start":{"line":9,"column":43},"end":{"line":9,"column":44}},"loc":{"start":{"line":9,"column":49},"end":{"line":9,"column":64}},"line":9},"2":{"name":"(anonymous_2)","decl":{"start":{"line":12,"column":27},"end":{"line":12,"column":28}},"loc":{"start":{"line":12,"column":40},"end":{"line":14,"column":1}},"line":12},"3":{"name":"(anonymous_3)","decl":{"start":{"line":13,"column":20},"end":{"line":13,"column":21}},"loc":{"start":{"line":13,"column":26},"end":{"line":13,"column":87}},"line":13}},"branchMap":{},"s":{"0":4,"1":4,"2":0,"3":4,"4":4,"5":0,"6":0},"f":{"0":4,"1":0,"2":4,"3":0},"b":{},"_coverageSchema":"332fd63041d2c1bcb487cc26dd0d5f7d97098a6c","hash":"0e3a01624151170679c1c6325d332e2154f55084"}
,"/Users/henrypye/Documents/Projects/PHD-App/Tracker-Dashboard/src/components/MenuBar/Logout/index.js": {"path":"/Users/henrypye/Documents/Projects/PHD-App/Tracker-Dashboard/src/components/MenuBar/Logout/index.js","statementMap":{},"fnMap":{},"branchMap":{},"s":{},"f":{},"b":{},"_coverageSchema":"332fd63041d2c1bcb487cc26dd0d5f7d97098a6c","hash":"f29230ddd92cdb241dd5cd443915668b0f88b7c5"}
,"/Users/henrypye/Documents/Projects/PHD-App/Tracker-Dashboard/src/config/index.js": {"path":"/Users/henrypye/Documents/Projects/PHD-App/Tracker-Dashboard/src/config/index.js","statementMap":{"0":{"start":{"line":1,"column":38},"end":{"line":1,"column":57}},"1":{"start":{"line":2,"column":23},"end":{"line":2,"column":78}},"2":{"start":{"line":4,"column":33},"end":{"line":4,"column":52}},"3":{"start":{"line":5,"column":36},"end":{"line":5,"column":65}},"4":{"start":{"line":6,"column":33},"end":{"line":6,"column":59}},"5":{"start":{"line":7,"column":31},"end":{"line":7,"column":55}}},"fnMap":{},"branchMap":{},"s":{"0":12,"1":12,"2":12,"3":12,"4":12,"5":12},"f":{},"b":{},"_coverageSchema":"332fd63041d2c1bcb487cc26dd0d5f7d97098a6c","hash":"f68d89d2e3484249dfc1e04e20739a78de1efcdb"}
,"/Users/henrypye/Documents/Projects/PHD-App/Tracker-Dashboard/src/containers/index.js": {"path":"/Users/henrypye/Documents/Projects/PHD-App/Tracker-Dashboard/src/containers/index.js","statementMap":{"0":{"start":{"line":1,"column":13},"end":{"line":1,"column":75}},"1":{"start":{"line":1,"column":88},"end":{"line":1,"column":104}},"2":{"start":{"line":2,"column":15},"end":{"line":2,"column":43}},"3":{"start":{"line":2,"column":60},"end":{"line":2,"column":92}},"4":{"start":{"line":3,"column":16},"end":{"line":3,"column":42}},"5":{"start":{"line":3,"column":59},"end":{"line":3,"column":92}},"6":{"start":{"line":3,"column":131},"end":{"line":3,"column":185}},"7":{"start":{"line":3,"column":186},"end":{"line":7,"column":32}}},"fnMap":{"0":{"name":"_interopRequireDefault","decl":{"start":{"line":3,"column":102},"end":{"line":3,"column":124}},"loc":{"start":{"line":3,"column":130},"end":{"line":3,"column":186}},"line":3}},"branchMap":{"0":{"loc":{"start":{"line":3,"column":138},"end":{"line":3,"column":184}},"type":"cond-expr","locations":[{"start":{"line":3,"column":162},"end":{"line":3,"column":165}},{"start":{"line":3,"column":168},"end":{"line":3,"column":184}}],"line":3},"1":{"loc":{"start":{"line":3,"column":138},"end":{"line":3,"column":159}},"type":"binary-expr","locations":[{"start":{"line":3,"column":138},"end":{"line":3,"column":141}},{"start":{"line":3,"column":145},"end":{"line":3,"column":159}}],"line":3}},"s":{"0":0,"1":0,"2":0,"3":0,"4":0,"5":0,"6":0,"7":0},"f":{"0":0},"b":{"0":[0,0],"1":[0,0]}}
,"/Users/henrypye/Documents/Projects/PHD-App/Tracker-Dashboard/src/containers/Devices/action.js": {"path":"/Users/henrypye/Documents/Projects/PHD-App/Tracker-Dashboard/src/containers/Devices/action.js","statementMap":{"0":{"start":{"line":6,"column":26},"end":{"line":26,"column":1}},"1":{"start":{"line":6,"column":32},"end":{"line":26,"column":1}},"2":{"start":{"line":7,"column":4},"end":{"line":25,"column":6}},"3":{"start":{"line":11,"column":8},"end":{"line":17,"column":10}},"4":{"start":{"line":19,"column":8},"end":{"line":24,"column":10}},"5":{"start":{"line":28,"column":25},"end":{"line":54,"column":1}},"6":{"start":{"line":28,"column":54},"end":{"line":54,"column":1}},"7":{"start":{"line":29,"column":4},"end":{"line":53,"column":6}},"8":{"start":{"line":37,"column":8},"end":{"line":43,"column":10}},"9":{"start":{"line":44,"column":8},"end":{"line":44,"column":23}},"10":{"start":{"line":46,"column":8},"end":{"line":51,"column":10}},"11":{"start":{"line":52,"column":8},"end":{"line":52,"column":24}},"12":{"start":{"line":56,"column":28},"end":{"line":78,"column":1}},"13":{"start":{"line":56,"column":52},"end":{"line":78,"column":1}},"14":{"start":{"line":57,"column":4},"end":{"line":77,"column":6}},"15":{"start":{"line":61,"column":8},"end":{"line":67,"column":10}},"16":{"start":{"line":68,"column":8},"end":{"line":68,"column":23}},"17":{"start":{"line":70,"column":8},"end":{"line":75,"column":10}},"18":{"start":{"line":76,"column":8},"end":{"line":76,"column":24}}},"fnMap":{"0":{"name":"(anonymous_0)","decl":{"start":{"line":6,"column":26},"end":{"line":6,"column":27}},"loc":{"start":{"line":6,"column":32},"end":{"line":26,"column":1}},"line":6},"1":{"name":"(anonymous_1)","decl":{"start":{"line":6,"column":32},"end":{"line":6,"column":33}},"loc":{"start":{"line":6,"column":51},"end":{"line":26,"column":1}},"line":6},"2":{"name":"(anonymous_2)","decl":{"start":{"line":10,"column":12},"end":{"line":10,"column":13}},"loc":{"start":{"line":10,"column":22},"end":{"line":18,"column":5}},"line":10},"3":{"name":"(anonymous_3)","decl":{"start":{"line":18,"column":13},"end":{"line":18,"column":14}},"loc":{"start":{"line":18,"column":22},"end":{"line":25,"column":5}},"line":18},"4":{"name":"(anonymous_4)","decl":{"start":{"line":28,"column":25},"end":{"line":28,"column":26}},"loc":{"start":{"line":28,"column":54},"end":{"line":54,"column":1}},"line":28},"5":{"name":"(anonymous_5)","decl":{"start":{"line":28,"column":54},"end":{"line":28,"column":55}},"loc":{"start":{"line":28,"column":73},"end":{"line":54,"column":1}},"line":28},"6":{"name":"(anonymous_6)","decl":{"start":{"line":36,"column":12},"end":{"line":36,"column":13}},"loc":{"start":{"line":36,"column":22},"end":{"line":45,"column":5}},"line":36},"7":{"name":"(anonymous_7)","decl":{"start":{"line":45,"column":13},"end":{"line":45,"column":14}},"loc":{"start":{"line":45,"column":22},"end":{"line":53,"column":5}},"line":45},"8":{"name":"(anonymous_8)","decl":{"start":{"line":56,"column":28},"end":{"line":56,"column":29}},"loc":{"start":{"line":56,"column":52},"end":{"line":78,"column":1}},"line":56},"9":{"name":"(anonymous_9)","decl":{"start":{"line":56,"column":52},"end":{"line":56,"column":53}},"loc":{"start":{"line":56,"column":71},"end":{"line":78,"column":1}},"line":56},"10":{"name":"(anonymous_10)","decl":{"start":{"line":60,"column":12},"end":{"line":60,"column":13}},"loc":{"start":{"line":60,"column":22},"end":{"line":69,"column":5}},"line":60},"11":{"name":"(anonymous_11)","decl":{"start":{"line":69,"column":13},"end":{"line":69,"column":14}},"loc":{"start":{"line":69,"column":22},"end":{"line":77,"column":5}},"line":69}},"branchMap":{},"s":{"0":7,"1":1,"2":1,"3":1,"4":0,"5":7,"6":2,"7":2,"8":2,"9":2,"10":0,"11":0,"12":7,"13":0,"14":0,"15":0,"16":0,"17":0,"18":0},"f":{"0":1,"1":1,"2":1,"3":0,"4":2,"5":2,"6":2,"7":0,"8":0,"9":0,"10":0,"11":0},"b":{},"_coverageSchema":"332fd63041d2c1bcb487cc26dd0d5f7d97098a6c","hash":"0c7acd9d41da2cf7f011d6ad7b327709d93ea138"}
,"/Users/henrypye/Documents/Projects/PHD-App/Tracker-Dashboard/src/containers/Devices/actionTypes.js": {"path":"/Users/henrypye/Documents/Projects/PHD-App/Tracker-Dashboard/src/containers/Devices/actionTypes.js","statementMap":{"0":{"start":{"line":1,"column":32},"end":{"line":1,"column":50}},"1":{"start":{"line":2,"column":26},"end":{"line":2,"column":39}},"2":{"start":{"line":3,"column":29},"end":{"line":3,"column":45}}},"fnMap":{},"branchMap":{},"s":{"0":7,"1":7,"2":7},"f":{},"b":{},"_coverageSchema":"332fd63041d2c1bcb487cc26dd0d5f7d97098a6c","hash":"f3afb866f5cea7085184051db9ea2c7ce5d34c71"}
,"/Users/henrypye/Documents/Projects/PHD-App/Tracker-Dashboard/src/containers/Devices/reducer.js": {"path":"/Users/henrypye/Documents/Projects/PHD-App/Tracker-Dashboard/src/containers/Devices/reducer.js","statementMap":{"0":{"start":{"line":1,"column":13},"end":{"line":1,"column":75}},"1":{"start":{"line":1,"column":75},"end":{"line":37,"column":2}},"2":{"start":{"line":9,"column":18},"end":{"line":9,"column":32}},"3":{"start":{"line":11,"column":4},"end":{"line":35,"column":26}},"4":{"start":{"line":13,"column":12},"end":{"line":17,"column":67}},"5":{"start":{"line":20,"column":12},"end":{"line":21,"column":52}},"6":{"start":{"line":21,"column":12},"end":{"line":21,"column":52}},"7":{"start":{"line":23,"column":12},"end":{"line":26,"column":40}},"8":{"start":{"line":29,"column":12},"end":{"line":32,"column":40}},"9":{"start":{"line":35,"column":12},"end":{"line":35,"column":25}},"10":{"start":{"line":37,"column":21},"end":{"line":37,"column":45}},"11":{"start":{"line":37,"column":64},"end":{"line":37,"column":101}},"12":{"start":{"line":37,"column":141},"end":{"line":37,"column":357}},"13":{"start":{"line":37,"column":169},"end":{"line":37,"column":180}},"14":{"start":{"line":37,"column":201},"end":{"line":37,"column":203}},"15":{"start":{"line":37,"column":204},"end":{"line":37,"column":321}},"16":{"start":{"line":37,"column":222},"end":{"line":37,"column":320}},"17":{"start":{"line":37,"column":244},"end":{"line":37,"column":319}},"18":{"start":{"line":37,"column":296},"end":{"line":37,"column":319}},"19":{"start":{"line":37,"column":321},"end":{"line":37,"column":342}},"20":{"start":{"line":37,"column":342},"end":{"line":37,"column":356}},"21":{"start":{"line":37,"column":379},"end":{"line":37,"column":409}}},"fnMap":{"0":{"name":"(anonymous_0)","decl":{"start":{"line":8,"column":0},"end":{"line":8,"column":1}},"loc":{"start":{"line":8,"column":40},"end":{"line":37,"column":1}},"line":8},"1":{"name":"_interopRequireWildcard","decl":{"start":{"line":37,"column":111},"end":{"line":37,"column":134}},"loc":{"start":{"line":37,"column":140},"end":{"line":37,"column":358}},"line":37}},"branchMap":{"0":{"loc":{"start":{"line":8,"column":10},"end":{"line":8,"column":30}},"type":"default-arg","locations":[{"start":{"line":8,"column":18},"end":{"line":8,"column":30}}],"line":8},"1":{"loc":{"start":{"line":11,"column":4},"end":{"line":35,"column":26}},"type":"switch","locations":[{"start":{"line":12,"column":8},"end":{"line":17,"column":67}},{"start":{"line":19,"column":8},"end":{"line":26,"column":40}},{"start":{"line":28,"column":8},"end":{"line":32,"column":40}},{"start":{"line":34,"column":8},"end":{"line":35,"column":25}}],"line":11},"2":{"loc":{"start":{"line":17,"column":25},"end":{"line":17,"column":63}},"type":"cond-expr","locations":[{"start":{"line":17,"column":41},"end":{"line":17,"column":45}},{"start":{"line":17,"column":48},"end":{"line":17,"column":63}}],"line":17},"3":{"loc":{"start":{"line":20,"column":12},"end":{"line":21,"column":52}},"type":"if","locations":[{"start":{"line":20,"column":12},"end":{"line":21,"column":52}},{"start":{"line":20,"column":12},"end":{"line":21,"column":52}}],"line":20},"4":{"loc":{"start":{"line":37,"column":141},"end":{"line":37,"column":357}},"type":"if","locations":[{"start":{"line":37,"column":141},"end":{"line":37,"column":357}},{"start":{"line":37,"column":141},"end":{"line":37,"column":357}}],"line":37},"5":{"loc":{"start":{"line":37,"column":145},"end":{"line":37,"column":166}},"type":"binary-expr","locations":[{"start":{"line":37,"column":145},"end":{"line":37,"column":148}},{"start":{"line":37,"column":152},"end":{"line":37,"column":166}}],"line":37},"6":{"loc":{"start":{"line":37,"column":204},"end":{"line":37,"column":321}},"type":"if","locations":[{"start":{"line":37,"column":204},"end":{"line":37,"column":321}},{"start":{"line":37,"column":204},"end":{"line":37,"column":321}}],"line":37},"7":{"loc":{"start":{"line":37,"column":244},"end":{"line":37,"column":319}},"type":"if","locations":[{"start":{"line":37,"column":244},"end":{"line":37,"column":319}},{"start":{"line":37,"column":244},"end":{"line":37,"column":319}}],"line":37}},"s":{"0":0,"1":0,"2":0,"3":0,"4":0,"5":0,"6":0,"7":0,"8":0,"9":0,"10":0,"11":0,"12":0,"13":0,"14":0,"15":0,"16":0,"17":0,"18":0,"19":0,"20":0,"21":0},"f":{"0":0,"1":0},"b":{"0":[0],"1":[0,0,0,0],"2":[0,0],"3":[0,0],"4":[0,0],"5":[0,0],"6":[0,0],"7":[0,0]}}
,"/Users/henrypye/Documents/Projects/PHD-App/Tracker-Dashboard/src/containers/Users/action.js": {"path":"/Users/henrypye/Documents/Projects/PHD-App/Tracker-Dashboard/src/containers/Users/action.js","statementMap":{"0":{"start":{"line":6,"column":25},"end":{"line":32,"column":1}},"1":{"start":{"line":6,"column":56},"end":{"line":32,"column":1}},"2":{"start":{"line":7,"column":4},"end":{"line":31,"column":6}},"3":{"start":{"line":15,"column":8},"end":{"line":21,"column":10}},"4":{"start":{"line":22,"column":8},"end":{"line":22,"column":23}},"5":{"start":{"line":24,"column":8},"end":{"line":29,"column":10}},"6":{"start":{"line":30,"column":8},"end":{"line":30,"column":24}},"7":{"start":{"line":34,"column":22},"end":{"line":38,"column":1}},"8":{"start":{"line":34,"column":28},"end":{"line":38,"column":1}},"9":{"start":{"line":35,"column":4},"end":{"line":37,"column":6}}},"fnMap":{"0":{"name":"(anonymous_0)","decl":{"start":{"line":6,"column":25},"end":{"line":6,"column":26}},"loc":{"start":{"line":6,"column":56},"end":{"line":32,"column":1}},"line":6},"1":{"name":"(anonymous_1)","decl":{"start":{"line":6,"column":56},"end":{"line":6,"column":57}},"loc":{"start":{"line":6,"column":75},"end":{"line":32,"column":1}},"line":6},"2":{"name":"(anonymous_2)","decl":{"start":{"line":14,"column":12},"end":{"line":14,"column":13}},"loc":{"start":{"line":14,"column":22},"end":{"line":23,"column":5}},"line":14},"3":{"name":"(anonymous_3)","decl":{"start":{"line":23,"column":13},"end":{"line":23,"column":14}},"loc":{"start":{"line":23,"column":22},"end":{"line":31,"column":5}},"line":23},"4":{"name":"(anonymous_4)","decl":{"start":{"line":34,"column":22},"end":{"line":34,"column":23}},"loc":{"start":{"line":34,"column":28},"end":{"line":38,"column":1}},"line":34},"5":{"name":"(anonymous_5)","decl":{"start":{"line":34,"column":28},"end":{"line":34,"column":29}},"loc":{"start":{"line":34,"column":47},"end":{"line":38,"column":1}},"line":34}},"branchMap":{},"s":{"0":6,"1":0,"2":0,"3":0,"4":0,"5":0,"6":0,"7":6,"8":0,"9":0},"f":{"0":0,"1":0,"2":0,"3":0,"4":0,"5":0},"b":{},"_coverageSchema":"332fd63041d2c1bcb487cc26dd0d5f7d97098a6c","hash":"d0e14d5d52a18b69663e74d93898738f699bb12c"}
,"/Users/henrypye/Documents/Projects/PHD-App/Tracker-Dashboard/src/containers/Users/actionTypes.js": {"path":"/Users/henrypye/Documents/Projects/PHD-App/Tracker-Dashboard/src/containers/Users/actionTypes.js","statementMap":{"0":{"start":{"line":1,"column":26},"end":{"line":1,"column":44}},"1":{"start":{"line":2,"column":22},"end":{"line":2,"column":40}}},"fnMap":{},"branchMap":{},"s":{"0":6,"1":6},"f":{},"b":{},"_coverageSchema":"332fd63041d2c1bcb487cc26dd0d5f7d97098a6c","hash":"8ee19aad275cfd40a5091c7b417c00f663190d49"}
,"/Users/henrypye/Documents/Projects/PHD-App/Tracker-Dashboard/src/containers/Users/reducer.js": {"path":"/Users/henrypye/Documents/Projects/PHD-App/Tracker-Dashboard/src/containers/Users/reducer.js","statementMap":{"0":{"start":{"line":1,"column":13},"end":{"line":1,"column":75}},"1":{"start":{"line":1,"column":75},"end":{"line":24,"column":2}},"2":{"start":{"line":8,"column":18},"end":{"line":8,"column":32}},"3":{"start":{"line":10,"column":4},"end":{"line":22,"column":26}},"4":{"start":{"line":12,"column":12},"end":{"line":14,"column":68}},"5":{"start":{"line":17,"column":12},"end":{"line":19,"column":31}},"6":{"start":{"line":22,"column":12},"end":{"line":22,"column":25}},"7":{"start":{"line":24,"column":21},"end":{"line":24,"column":45}},"8":{"start":{"line":24,"column":64},"end":{"line":24,"column":101}},"9":{"start":{"line":24,"column":141},"end":{"line":24,"column":357}},"10":{"start":{"line":24,"column":169},"end":{"line":24,"column":180}},"11":{"start":{"line":24,"column":201},"end":{"line":24,"column":203}},"12":{"start":{"line":24,"column":204},"end":{"line":24,"column":321}},"13":{"start":{"line":24,"column":222},"end":{"line":24,"column":320}},"14":{"start":{"line":24,"column":244},"end":{"line":24,"column":319}},"15":{"start":{"line":24,"column":296},"end":{"line":24,"column":319}},"16":{"start":{"line":24,"column":321},"end":{"line":24,"column":342}},"17":{"start":{"line":24,"column":342},"end":{"line":24,"column":356}},"18":{"start":{"line":24,"column":379},"end":{"line":24,"column":394}}},"fnMap":{"0":{"name":"(anonymous_0)","decl":{"start":{"line":7,"column":0},"end":{"line":7,"column":1}},"loc":{"start":{"line":7,"column":40},"end":{"line":24,"column":1}},"line":7},"1":{"name":"_interopRequireWildcard","decl":{"start":{"line":24,"column":111},"end":{"line":24,"column":134}},"loc":{"start":{"line":24,"column":140},"end":{"line":24,"column":358}},"line":24}},"branchMap":{"0":{"loc":{"start":{"line":7,"column":10},"end":{"line":7,"column":30}},"type":"default-arg","locations":[{"start":{"line":7,"column":18},"end":{"line":7,"column":30}}],"line":7},"1":{"loc":{"start":{"line":10,"column":4},"end":{"line":22,"column":26}},"type":"switch","locations":[{"start":{"line":11,"column":8},"end":{"line":14,"column":68}},{"start":{"line":16,"column":8},"end":{"line":19,"column":31}},{"start":{"line":21,"column":8},"end":{"line":22,"column":25}}],"line":10},"2":{"loc":{"start":{"line":14,"column":23},"end":{"line":14,"column":64}},"type":"cond-expr","locations":[{"start":{"line":14,"column":39},"end":{"line":14,"column":43}},{"start":{"line":14,"column":46},"end":{"line":14,"column":64}}],"line":14},"3":{"loc":{"start":{"line":24,"column":141},"end":{"line":24,"column":357}},"type":"if","locations":[{"start":{"line":24,"column":141},"end":{"line":24,"column":357}},{"start":{"line":24,"column":141},"end":{"line":24,"column":357}}],"line":24},"4":{"loc":{"start":{"line":24,"column":145},"end":{"line":24,"column":166}},"type":"binary-expr","locations":[{"start":{"line":24,"column":145},"end":{"line":24,"column":148}},{"start":{"line":24,"column":152},"end":{"line":24,"column":166}}],"line":24},"5":{"loc":{"start":{"line":24,"column":204},"end":{"line":24,"column":321}},"type":"if","locations":[{"start":{"line":24,"column":204},"end":{"line":24,"column":321}},{"start":{"line":24,"column":204},"end":{"line":24,"column":321}}],"line":24},"6":{"loc":{"start":{"line":24,"column":244},"end":{"line":24,"column":319}},"type":"if","locations":[{"start":{"line":24,"column":244},"end":{"line":24,"column":319}},{"start":{"line":24,"column":244},"end":{"line":24,"column":319}}],"line":24}},"s":{"0":0,"1":0,"2":0,"3":0,"4":0,"5":0,"6":0,"7":0,"8":0,"9":0,"10":0,"11":0,"12":0,"13":0,"14":0,"15":0,"16":0,"17":0,"18":0},"f":{"0":0,"1":0},"b":{"0":[0],"1":[0,0,0],"2":[0,0],"3":[0,0],"4":[0,0],"5":[0,0],"6":[0,0]}}
,"/Users/henrypye/Documents/Projects/PHD-App/Tracker-Dashboard/src/store/index.js": {"path":"/Users/henrypye/Documents/Projects/PHD-App/Tracker-Dashboard/src/store/index.js","statementMap":{"0":{"start":{"line":1,"column":13},"end":{"line":1,"column":75}},"1":{"start":{"line":1,"column":88},"end":{"line":1,"column":104}},"2":{"start":{"line":2,"column":18},"end":{"line":2,"column":40}},"3":{"start":{"line":2,"column":60},"end":{"line":2,"column":95}},"4":{"start":{"line":3,"column":18},"end":{"line":3,"column":42}},"5":{"start":{"line":3,"column":62},"end":{"line":3,"column":97}},"6":{"start":{"line":4,"column":20},"end":{"line":4,"column":45}},"7":{"start":{"line":4,"column":64},"end":{"line":4,"column":102}},"8":{"start":{"line":4,"column":142},"end":{"line":4,"column":358}},"9":{"start":{"line":4,"column":170},"end":{"line":4,"column":181}},"10":{"start":{"line":4,"column":202},"end":{"line":4,"column":204}},"11":{"start":{"line":4,"column":205},"end":{"line":4,"column":322}},"12":{"start":{"line":4,"column":223},"end":{"line":4,"column":321}},"13":{"start":{"line":4,"column":245},"end":{"line":4,"column":320}},"14":{"start":{"line":4,"column":297},"end":{"line":4,"column":320}},"15":{"start":{"line":4,"column":322},"end":{"line":4,"column":343}},"16":{"start":{"line":4,"column":343},"end":{"line":4,"column":357}},"17":{"start":{"line":4,"column":397},"end":{"line":4,"column":451}},"18":{"start":{"line":6,"column":19},"end":{"line":6,"column":41}},"19":{"start":{"line":6,"column":42},"end":{"line":13,"column":97}}},"fnMap":{"0":{"name":"_interopRequireWildcard","decl":{"start":{"line":4,"column":112},"end":{"line":4,"column":135}},"loc":{"start":{"line":4,"column":141},"end":{"line":4,"column":359}},"line":4},"1":{"name":"_interopRequireDefault","decl":{"start":{"line":4,"column":368},"end":{"line":4,"column":390}},"loc":{"start":{"line":4,"column":396},"end":{"line":4,"column":452}},"line":4}},"branchMap":{"0":{"loc":{"start":{"line":4,"column":142},"end":{"line":4,"column":358}},"type":"if","locations":[{"start":{"line":4,"column":142},"end":{"line":4,"column":358}},{"start":{"line":4,"column":142},"end":{"line":4,"column":358}}],"line":4},"1":{"loc":{"start":{"line":4,"column":146},"end":{"line":4,"column":167}},"type":"binary-expr","locations":[{"start":{"line":4,"column":146},"end":{"line":4,"column":149}},{"start":{"line":4,"column":153},"end":{"line":4,"column":167}}],"line":4},"2":{"loc":{"start":{"line":4,"column":205},"end":{"line":4,"column":322}},"type":"if","locations":[{"start":{"line":4,"column":205},"end":{"line":4,"column":322}},{"start":{"line":4,"column":205},"end":{"line":4,"column":322}}],"line":4},"3":{"loc":{"start":{"line":4,"column":245},"end":{"line":4,"column":320}},"type":"if","locations":[{"start":{"line":4,"column":245},"end":{"line":4,"column":320}},{"start":{"line":4,"column":245},"end":{"line":4,"column":320}}],"line":4},"4":{"loc":{"start":{"line":4,"column":404},"end":{"line":4,"column":450}},"type":"cond-expr","locations":[{"start":{"line":4,"column":428},"end":{"line":4,"column":431}},{"start":{"line":4,"column":434},"end":{"line":4,"column":450}}],"line":4},"5":{"loc":{"start":{"line":4,"column":404},"end":{"line":4,"column":425}},"type":"binary-expr","locations":[{"start":{"line":4,"column":404},"end":{"line":4,"column":407}},{"start":{"line":4,"column":411},"end":{"line":4,"column":425}}],"line":4},"6":{"loc":{"start":{"line":13,"column":0},"end":{"line":13,"column":94}},"type":"binary-expr","locations":[{"start":{"line":13,"column":0},"end":{"line":13,"column":35}},{"start":{"line":13,"column":39},"end":{"line":13,"column":76}},{"start":{"line":13,"column":80},"end":{"line":13,"column":94}}],"line":13}},"s":{"0":0,"1":0,"2":0,"3":0,"4":0,"5":0,"6":0,"7":0,"8":0,"9":0,"10":0,"11":0,"12":0,"13":0,"14":0,"15":0,"16":0,"17":0,"18":0,"19":0},"f":{"0":0,"1":0},"b":{"0":[0,0],"1":[0,0],"2":[0,0],"3":[0,0],"4":[0,0],"5":[0,0],"6":[0,0,0]}}
,"/Users/henrypye/Documents/Projects/PHD-App/Tracker-Dashboard/src/store/stateManager.js": {"path":"/Users/henrypye/Documents/Projects/PHD-App/Tracker-Dashboard/src/store/stateManager.js","statementMap":{"0":{"start":{"line":1,"column":13},"end":{"line":1,"column":75}},"1":{"start":{"line":1,"column":75},"end":{"line":1,"column":151}},"2":{"start":{"line":1,"column":165},"end":{"line":1,"column":185}},"3":{"start":{"line":1,"column":199},"end":{"line":1,"column":231}},"4":{"start":{"line":1,"column":271},"end":{"line":1,"column":487}},"5":{"start":{"line":1,"column":299},"end":{"line":1,"column":310}},"6":{"start":{"line":1,"column":331},"end":{"line":1,"column":333}},"7":{"start":{"line":1,"column":334},"end":{"line":1,"column":451}},"8":{"start":{"line":1,"column":352},"end":{"line":1,"column":450}},"9":{"start":{"line":1,"column":374},"end":{"line":1,"column":449}},"10":{"start":{"line":1,"column":426},"end":{"line":1,"column":449}},"11":{"start":{"line":1,"column":451},"end":{"line":1,"column":472}},"12":{"start":{"line":1,"column":472},"end":{"line":1,"column":486}},"13":{"start":{"line":3,"column":18},"end":{"line":14,"column":1}},"14":{"start":{"line":4,"column":4},"end":{"line":13,"column":5}},"15":{"start":{"line":5,"column":30},"end":{"line":5,"column":81}},"16":{"start":{"line":7,"column":8},"end":{"line":8,"column":33}},"17":{"start":{"line":8,"column":8},"end":{"line":8,"column":33}},"18":{"start":{"line":10,"column":8},"end":{"line":10,"column":43}},"19":{"start":{"line":12,"column":8},"end":{"line":12,"column":33}},"20":{"start":{"line":16,"column":18},"end":{"line":23,"column":1}},"21":{"start":{"line":17,"column":4},"end":{"line":22,"column":5}},"22":{"start":{"line":18,"column":30},"end":{"line":18,"column":51}},"23":{"start":{"line":19,"column":8},"end":{"line":19,"column":77}},"24":{"start":{"line":25,"column":24},"end":{"line":29,"column":1}},"25":{"start":{"line":26,"column":4},"end":{"line":26,"column":14}}},"fnMap":{"0":{"name":"_interopRequireWildcard","decl":{"start":{"line":1,"column":241},"end":{"line":1,"column":264}},"loc":{"start":{"line":1,"column":270},"end":{"line":1,"column":488}},"line":1},"1":{"name":"(anonymous_1)","decl":{"start":{"line":3,"column":38},"end":{"line":3,"column":39}},"loc":{"start":{"line":3,"column":44},"end":{"line":14,"column":1}},"line":3},"2":{"name":"(anonymous_2)","decl":{"start":{"line":16,"column":38},"end":{"line":16,"column":39}},"loc":{"start":{"line":16,"column":47},"end":{"line":23,"column":1}},"line":16},"3":{"name":"(anonymous_3)","decl":{"start":{"line":25,"column":50},"end":{"line":25,"column":51}},"loc":{"start":{"line":25,"column":56},"end":{"line":29,"column":1}},"line":25}},"branchMap":{"0":{"loc":{"start":{"line":1,"column":271},"end":{"line":1,"column":487}},"type":"if","locations":[{"start":{"line":1,"column":271},"end":{"line":1,"column":487}},{"start":{"line":1,"column":271},"end":{"line":1,"column":487}}],"line":1},"1":{"loc":{"start":{"line":1,"column":275},"end":{"line":1,"column":296}},"type":"binary-expr","locations":[{"start":{"line":1,"column":275},"end":{"line":1,"column":278}},{"start":{"line":1,"column":282},"end":{"line":1,"column":296}}],"line":1},"2":{"loc":{"start":{"line":1,"column":334},"end":{"line":1,"column":451}},"type":"if","locations":[{"start":{"line":1,"column":334},"end":{"line":1,"column":451}},{"start":{"line":1,"column":334},"end":{"line":1,"column":451}}],"line":1},"3":{"loc":{"start":{"line":1,"column":374},"end":{"line":1,"column":449}},"type":"if","locations":[{"start":{"line":1,"column":374},"end":{"line":1,"column":449}},{"start":{"line":1,"column":374},"end":{"line":1,"column":449}}],"line":1},"4":{"loc":{"start":{"line":7,"column":8},"end":{"line":8,"column":33}},"type":"if","locations":[{"start":{"line":7,"column":8},"end":{"line":8,"column":33}},{"start":{"line":7,"column":8},"end":{"line":8,"column":33}}],"line":7}},"s":{"0":0,"1":0,"2":0,"3":0,"4":0,"5":0,"6":0,"7":0,"8":0,"9":0,"10":0,"11":0,"12":0,"13":0,"14":0,"15":0,"16":0,"17":0,"18":0,"19":0,"20":0,"21":0,"22":0,"23":0,"24":0,"25":0},"f":{"0":0,"1":0,"2":0,"3":0},"b":{"0":[0,0],"1":[0,0],"2":[0,0],"3":[0,0],"4":[0,0]}}
}
