TN:
SF:/Users/henrypye/Documents/Projects/PHD-App/Tracker-Dashboard/src/App.js
FN:6,(anonymous_0)
FNF:1
FNH:1
FNDA:1,(anonymous_0)
DA:7,1
LF:1
LH:1
BRF:0
BRH:0
end_of_record
TN:
SF:/Users/henrypye/Documents/Projects/PHD-App/Tracker-Dashboard/src/index.js
FN:16,_interopRequireWildcard
FN:16,_interopRequireDefault
FN:20,(anonymous_2)
FNF:3
FNH:0
FNDA:0,_interopRequireWildcard
FNDA:0,_interopRequireDefault
FNDA:0,(anonymous_2)
DA:1,0
DA:2,0
DA:4,0
DA:6,0
DA:8,0
DA:9,0
DA:11,0
DA:13,0
DA:14,0
DA:16,0
DA:18,0
DA:20,0
DA:21,0
DA:24,0
DA:30,0
LF:15
LH:0
BRDA:16,0,0,0
BRDA:16,0,1,0
BRDA:16,1,0,0
BRDA:16,1,1,0
BRDA:16,2,0,0
BRDA:16,2,1,0
BRDA:16,3,0,0
BRDA:16,3,1,0
BRDA:16,4,0,0
BRDA:16,4,1,0
BRDA:16,5,0,0
BRDA:16,5,1,0
BRF:12
BRH:0
end_of_record
TN:
SF:/Users/henrypye/Documents/Projects/PHD-App/Tracker-Dashboard/src/registerServiceWorker.js
FN:120,register
FN:124,(anonymous_1)
FN:127,(anonymous_2)
FN:128,registerValidSW
FN:128,(anonymous_4)
FN:128,(anonymous_5)
FN:128,(anonymous_6)
FN:135,(anonymous_7)
FN:135,checkValidServiceWorker
FN:136,(anonymous_9)
FN:138,(anonymous_10)
FN:138,(anonymous_11)
FN:139,(anonymous_12)
FN:139,unregister
FN:139,(anonymous_14)
FNF:15
FNH:0
FNDA:0,register
FNDA:0,(anonymous_1)
FNDA:0,(anonymous_2)
FNDA:0,registerValidSW
FNDA:0,(anonymous_4)
FNDA:0,(anonymous_5)
FNDA:0,(anonymous_6)
FNDA:0,(anonymous_7)
FNDA:0,checkValidServiceWorker
FNDA:0,(anonymous_9)
FNDA:0,(anonymous_10)
FNDA:0,(anonymous_11)
FNDA:0,(anonymous_12)
FNDA:0,unregister
FNDA:0,(anonymous_14)
DA:1,0
DA:21,0
DA:118,0
DA:120,0
DA:121,0
DA:124,0
DA:125,0
DA:127,0
DA:128,0
DA:132,0
DA:135,0
DA:136,0
DA:137,0
DA:138,0
DA:139,0
LF:15
LH:0
BRDA:118,0,0,0
BRDA:118,0,1,0
BRDA:118,0,2,0
BRDA:120,1,0,0
BRDA:120,1,1,0
BRDA:120,2,0,0
BRDA:120,2,1,0
BRDA:121,3,0,0
BRDA:121,3,1,0
BRDA:124,4,0,0
BRDA:124,4,1,0
BRDA:128,5,0,0
BRDA:128,5,1,0
BRDA:128,6,0,0
BRDA:128,6,1,0
BRDA:137,7,0,0
BRDA:137,7,1,0
BRDA:137,8,0,0
BRDA:137,8,1,0
BRDA:139,9,0,0
BRDA:139,9,1,0
BRF:21
BRH:0
end_of_record
TN:
SF:/Users/henrypye/Documents/Projects/PHD-App/Tracker-Dashboard/src/components/index.js
FNF:0
FNH:0
LF:0
LH:0
BRF:0
BRH:0
end_of_record
TN:
SF:/Users/henrypye/Documents/Projects/PHD-App/Tracker-Dashboard/src/components/Accounts/index.js
FNF:0
FNH:0
LF:0
LH:0
BRF:0
BRH:0
end_of_record
TN:
SF:/Users/henrypye/Documents/Projects/PHD-App/Tracker-Dashboard/src/components/Accounts/CreateForm/CreateForm.js
FN:14,(anonymous_0)
FN:25,(anonymous_1)
FN:55,(anonymous_2)
FN:63,(anonymous_3)
FN:64,(anonymous_4)
FN:72,(anonymous_5)
FN:73,(anonymous_6)
FNF:7
FNH:3
FNDA:3,(anonymous_0)
FNDA:0,(anonymous_1)
FNDA:3,(anonymous_2)
FNDA:0,(anonymous_3)
FNDA:0,(anonymous_4)
FNDA:3,(anonymous_5)
FNDA:0,(anonymous_6)
DA:9,3
DA:14,3
DA:23,3
DA:25,3
DA:26,0
DA:29,3
DA:54,3
DA:55,3
DA:64,0
DA:65,0
DA:66,0
DA:72,3
DA:73,0
LF:13
LH:8
BRDA:32,0,0,0
BRDA:32,0,1,3
BRDA:42,1,0,0
BRDA:42,1,1,3
BRF:4
BRH:2
end_of_record
TN:
SF:/Users/henrypye/Documents/Projects/PHD-App/Tracker-Dashboard/src/components/Accounts/CreateForm/index.js
FNF:0
FNH:0
LF:0
LH:0
BRF:0
BRH:0
end_of_record
TN:
SF:/Users/henrypye/Documents/Projects/PHD-App/Tracker-Dashboard/src/components/Accounts/Feed/Feed.js
FN:8,(anonymous_0)
FN:17,(anonymous_1)
FN:36,(anonymous_2)
FNF:3
FNH:2
FNDA:3,(anonymous_0)
FNDA:0,(anonymous_1)
FNDA:3,(anonymous_2)
DA:8,3
DA:12,3
DA:18,0
DA:36,3
LF:4
LH:3
BRDA:16,0,0,3
BRDA:16,0,1,0
BRF:2
BRH:1
end_of_record
TN:
SF:/Users/henrypye/Documents/Projects/PHD-App/Tracker-Dashboard/src/components/Accounts/Feed/index.js
FNF:0
FNH:0
LF:0
LH:0
BRF:0
BRH:0
end_of_record
TN:
SF:/Users/henrypye/Documents/Projects/PHD-App/Tracker-Dashboard/src/components/Accounts/Feed/DefaultEvent/DefaultEvent.js
FN:4,(anonymous_0)
FNF:1
FNH:1
FNDA:1,(anonymous_0)
DA:7,1
LF:1
LH:1
BRF:0
BRH:0
end_of_record
TN:
SF:/Users/henrypye/Documents/Projects/PHD-App/Tracker-Dashboard/src/components/Accounts/Feed/DefaultEvent/index.js
FNF:0
FNH:0
LF:0
LH:0
BRF:0
BRH:0
end_of_record
TN:
SF:/Users/henrypye/Documents/Projects/PHD-App/Tracker-Dashboard/src/components/Accounts/Feed/FeedEvent/FeedEvent.js
FN:5,(anonymous_0)
FNF:1
FNH:1
FNDA:1,(anonymous_0)
DA:11,1
LF:1
LH:1
BRF:0
BRH:0
end_of_record
TN:
SF:/Users/henrypye/Documents/Projects/PHD-App/Tracker-Dashboard/src/components/Accounts/Feed/FeedEvent/index.js
FNF:0
FNH:0
LF:0
LH:0
BRF:0
BRH:0
end_of_record
TN:
SF:/Users/henrypye/Documents/Projects/PHD-App/Tracker-Dashboard/src/components/Accounts/Feed/FeedEvent/DateAdded/DateAdded.js
FN:4,(anonymous_0)
FNF:1
FNH:1
FNDA:2,(anonymous_0)
DA:7,2
LF:1
LH:1
BRF:0
BRH:0
end_of_record
TN:
SF:/Users/henrypye/Documents/Projects/PHD-App/Tracker-Dashboard/src/components/Accounts/Feed/FeedEvent/DateAdded/index.js
FNF:0
FNH:0
LF:0
LH:0
BRF:0
BRH:0
end_of_record
TN:
SF:/Users/henrypye/Documents/Projects/PHD-App/Tracker-Dashboard/src/components/Accounts/Feed/FeedEvent/Email/Email.js
FN:4,(anonymous_0)
FNF:1
FNH:1
FNDA:2,(anonymous_0)
DA:7,2
LF:1
LH:1
BRF:0
BRH:0
end_of_record
TN:
SF:/Users/henrypye/Documents/Projects/PHD-App/Tracker-Dashboard/src/components/Accounts/Feed/FeedEvent/Email/index.js
FNF:0
FNH:0
LF:0
LH:0
BRF:0
BRH:0
end_of_record
TN:
SF:/Users/henrypye/Documents/Projects/PHD-App/Tracker-Dashboard/src/components/Accounts/Feed/FeedEvent/Location/Location.js
FN:5,(anonymous_0)
FNF:1
FNH:1
FNDA:2,(anonymous_0)
DA:8,2
LF:1
LH:1
BRF:0
BRH:0
end_of_record
TN:
SF:/Users/henrypye/Documents/Projects/PHD-App/Tracker-Dashboard/src/components/Accounts/Feed/FeedEvent/Location/index.js
FNF:0
FNH:0
LF:0
LH:0
BRF:0
BRH:0
end_of_record
TN:
SF:/Users/henrypye/Documents/Projects/PHD-App/Tracker-Dashboard/src/components/Accounts/Feed/FeedEvent/Remove/Remove.js
FN:6,(anonymous_0)
FN:15,(anonymous_1)
FN:15,(anonymous_2)
FN:25,(anonymous_3)
FN:26,(anonymous_4)
FNF:5
FNH:2
FNDA:2,(anonymous_0)
FNDA:0,(anonymous_1)
FNDA:0,(anonymous_2)
FNDA:2,(anonymous_3)
FNDA:0,(anonymous_4)
DA:6,5
DA:10,2
DA:15,0
DA:16,0
DA:25,5
DA:26,0
LF:6
LH:3
BRF:0
BRH:0
end_of_record
TN:
SF:/Users/henrypye/Documents/Projects/PHD-App/Tracker-Dashboard/src/components/Accounts/Feed/FeedEvent/Remove/index.js
FNF:0
FNH:0
LF:0
LH:0
BRF:0
BRH:0
end_of_record
TN:
SF:/Users/henrypye/Documents/Projects/PHD-App/Tracker-Dashboard/src/components/Accounts/Feed/FeedEvent/Summary/Summary.js
FN:4,(anonymous_0)
FNF:1
FNH:1
FNDA:2,(anonymous_0)
DA:8,2
LF:1
LH:1
BRDA:10,0,0,2
BRDA:10,0,1,2
BRF:2
BRH:2
end_of_record
TN:
SF:/Users/henrypye/Documents/Projects/PHD-App/Tracker-Dashboard/src/components/Accounts/Feed/FeedEvent/Summary/index.js
FNF:0
FNH:0
LF:0
LH:0
BRF:0
BRH:0
end_of_record
TN:
SF:/Users/henrypye/Documents/Projects/PHD-App/Tracker-Dashboard/src/components/Accounts/Overview/Overview.js
FN:8,(anonymous_0)
FNF:1
FNH:1
FNDA:2,(anonymous_0)
DA:9,2
LF:1
LH:1
BRF:0
BRH:0
end_of_record
TN:
SF:/Users/henrypye/Documents/Projects/PHD-App/Tracker-Dashboard/src/components/Accounts/Overview/index.js
FNF:0
FNH:0
LF:0
LH:0
BRF:0
BRH:0
end_of_record
TN:
SF:/Users/henrypye/Documents/Projects/PHD-App/Tracker-Dashboard/src/components/Header/Header.js
FN:6,(anonymous_0)
FNF:1
FNH:1
FNDA:2,(anonymous_0)
DA:7,2
LF:1
LH:1
BRF:0
BRH:0
end_of_record
TN:
SF:/Users/henrypye/Documents/Projects/PHD-App/Tracker-Dashboard/src/components/Header/index.js
FNF:0
FNH:0
LF:0
LH:0
BRF:0
BRH:0
end_of_record
TN:
SF:/Users/henrypye/Documents/Projects/PHD-App/Tracker-Dashboard/src/components/Labels/index.js
FNF:0
FNH:0
LF:0
LH:0
BRF:0
BRH:0
end_of_record
TN:
SF:/Users/henrypye/Documents/Projects/PHD-App/Tracker-Dashboard/src/components/Labels/Error/index.js
FN:4,(anonymous_0)
FNF:1
FNH:1
FNDA:1,(anonymous_0)
DA:8,1
LF:1
LH:1
BRF:0
BRH:0
end_of_record
TN:
SF:/Users/henrypye/Documents/Projects/PHD-App/Tracker-Dashboard/src/components/Login/index.js
FNF:0
FNH:0
LF:0
LH:0
BRF:0
BRH:0
end_of_record
TN:
SF:/Users/henrypye/Documents/Projects/PHD-App/Tracker-Dashboard/src/components/Login/Modal/LoginModal.js
FN:7,(anonymous_0)
FN:24,(anonymous_1)
FNF:2
FNH:2
FNDA:2,(anonymous_0)
FNDA:2,(anonymous_1)
DA:7,2
DA:10,2
DA:24,2
LF:3
LH:3
BRF:0
BRH:0
end_of_record
TN:
SF:/Users/henrypye/Documents/Projects/PHD-App/Tracker-Dashboard/src/components/Login/Modal/index.js
FNF:0
FNH:0
LF:0
LH:0
BRF:0
BRH:0
end_of_record
TN:
SF:/Users/henrypye/Documents/Projects/PHD-App/Tracker-Dashboard/src/components/Login/Modal/LoginForm/LoginForm.js
FN:10,(anonymous_0)
FN:44,(anonymous_1)
FN:52,(anonymous_2)
FN:53,(anonymous_3)
FN:60,(anonymous_4)
FN:61,(anonymous_5)
FNF:6
FNH:3
FNDA:3,(anonymous_0)
FNDA:3,(anonymous_1)
FNDA:0,(anonymous_2)
FNDA:0,(anonymous_3)
FNDA:3,(anonymous_4)
FNDA:0,(anonymous_5)
DA:10,3
DA:19,3
DA:43,3
DA:44,3
DA:53,0
DA:54,0
DA:60,3
DA:61,0
LF:8
LH:5
BRDA:22,0,0,0
BRDA:22,0,1,3
BRDA:28,1,0,0
BRDA:28,1,1,3
BRF:4
BRH:2
end_of_record
TN:
SF:/Users/henrypye/Documents/Projects/PHD-App/Tracker-Dashboard/src/components/Login/Modal/LoginForm/index.js
FNF:0
FNH:0
LF:0
LH:0
BRF:0
BRH:0
end_of_record
TN:
SF:/Users/henrypye/Documents/Projects/PHD-App/Tracker-Dashboard/src/components/Login/Modal/Template/index.js
FN:10,(anonymous_0)
FNF:1
FNH:1
FNDA:3,(anonymous_0)
DA:4,3
DA:14,3
LF:2
LH:2
BRF:0
BRH:0
end_of_record
TN:
SF:/Users/henrypye/Documents/Projects/PHD-App/Tracker-Dashboard/src/components/MenuBar/MenuBar.js
FN:5,(anonymous_0)
FNF:1
FNH:1
FNDA:3,(anonymous_0)
DA:6,3
LF:1
LH:1
BRF:0
BRH:0
end_of_record
TN:
SF:/Users/henrypye/Documents/Projects/PHD-App/Tracker-Dashboard/src/components/MenuBar/index.js
FNF:0
FNH:0
LF:0
LH:0
BRF:0
BRH:0
end_of_record
TN:
SF:/Users/henrypye/Documents/Projects/PHD-App/Tracker-Dashboard/src/components/MenuBar/Logout/Logout.js
FN:6,(anonymous_0)
FN:9,(anonymous_1)
FN:12,(anonymous_2)
FN:13,(anonymous_3)
FNF:4
FNH:2
FNDA:4,(anonymous_0)
FNDA:0,(anonymous_1)
FNDA:4,(anonymous_2)
FNDA:0,(anonymous_3)
DA:6,4
DA:9,4
DA:12,4
DA:13,0
LF:4
LH:3
BRF:0
BRH:0
end_of_record
TN:
SF:/Users/henrypye/Documents/Projects/PHD-App/Tracker-Dashboard/src/components/MenuBar/Logout/index.js
FNF:0
FNH:0
LF:0
LH:0
BRF:0
BRH:0
end_of_record
TN:
SF:/Users/henrypye/Documents/Projects/PHD-App/Tracker-Dashboard/src/config/index.js
FNF:0
FNH:0
DA:1,12
DA:2,12
DA:4,12
DA:5,12
DA:6,12
DA:7,12
LF:6
LH:6
BRF:0
BRH:0
end_of_record
TN:
SF:/Users/henrypye/Documents/Projects/PHD-App/Tracker-Dashboard/src/containers/index.js
FN:3,_interopRequireDefault
FNF:1
FNH:0
FNDA:0,_interopRequireDefault
DA:1,0
DA:2,0
DA:3,0
LF:3
LH:0
BRDA:3,0,0,0
BRDA:3,0,1,0
BRDA:3,1,0,0
BRDA:3,1,1,0
BRF:4
BRH:0
end_of_record
TN:
SF:/Users/henrypye/Documents/Projects/PHD-App/Tracker-Dashboard/src/containers/Devices/action.js
FN:6,(anonymous_0)
FN:6,(anonymous_1)
FN:10,(anonymous_2)
FN:18,(anonymous_3)
FN:28,(anonymous_4)
FN:28,(anonymous_5)
FN:36,(anonymous_6)
FN:45,(anonymous_7)
FN:56,(anonymous_8)
FN:56,(anonymous_9)
FN:60,(anonymous_10)
FN:69,(anonymous_11)
FNF:12
FNH:3
FNDA:1,(anonymous_0)
FNDA:1,(anonymous_1)
FNDA:1,(anonymous_2)
FNDA:0,(anonymous_3)
FNDA:0,(anonymous_4)
FNDA:0,(anonymous_5)
FNDA:0,(anonymous_6)
FNDA:0,(anonymous_7)
FNDA:0,(anonymous_8)
FNDA:0,(anonymous_9)
FNDA:0,(anonymous_10)
FNDA:0,(anonymous_11)
DA:6,7
DA:7,1
DA:11,1
DA:19,0
DA:28,7
DA:29,0
DA:37,0
DA:44,0
DA:46,0
DA:52,0
DA:56,7
DA:57,0
DA:61,0
DA:68,0
DA:70,0
DA:76,0
LF:16
LH:5
BRF:0
BRH:0
end_of_record
TN:
SF:/Users/henrypye/Documents/Projects/PHD-App/Tracker-Dashboard/src/containers/Devices/actionTypes.js
FNF:0
FNH:0
DA:1,7
DA:2,7
DA:3,7
LF:3
LH:3
BRF:0
BRH:0
end_of_record
TN:
SF:/Users/henrypye/Documents/Projects/PHD-App/Tracker-Dashboard/src/containers/Devices/reducer.js
FN:8,(anonymous_0)
FN:37,_interopRequireWildcard
FNF:2
FNH:0
FNDA:0,(anonymous_0)
FNDA:0,_interopRequireWildcard
DA:1,0
DA:9,0
DA:11,0
DA:13,0
DA:20,0
DA:21,0
DA:23,0
DA:29,0
DA:35,0
DA:37,0
LF:10
LH:0
BRDA:8,0,0,0
BRDA:11,1,0,0
BRDA:11,1,1,0
BRDA:11,1,2,0
BRDA:11,1,3,0
BRDA:17,2,0,0
BRDA:17,2,1,0
BRDA:20,3,0,0
BRDA:20,3,1,0
BRDA:37,4,0,0
BRDA:37,4,1,0
BRDA:37,5,0,0
BRDA:37,5,1,0
BRDA:37,6,0,0
BRDA:37,6,1,0
BRDA:37,7,0,0
BRDA:37,7,1,0
BRF:17
BRH:0
end_of_record
TN:
SF:/Users/henrypye/Documents/Projects/PHD-App/Tracker-Dashboard/src/containers/Users/action.js
FN:6,(anonymous_0)
FN:6,(anonymous_1)
FN:14,(anonymous_2)
FN:23,(anonymous_3)
FN:34,(anonymous_4)
FN:34,(anonymous_5)
FNF:6
FNH:0
FNDA:0,(anonymous_0)
FNDA:0,(anonymous_1)
FNDA:0,(anonymous_2)
FNDA:0,(anonymous_3)
FNDA:0,(anonymous_4)
FNDA:0,(anonymous_5)
DA:6,6
DA:7,0
DA:15,0
DA:22,0
DA:24,0
DA:30,0
DA:34,6
DA:35,0
LF:8
LH:2
BRF:0
BRH:0
end_of_record
TN:
SF:/Users/henrypye/Documents/Projects/PHD-App/Tracker-Dashboard/src/containers/Users/actionTypes.js
FNF:0
FNH:0
DA:1,6
DA:2,6
LF:2
LH:2
BRF:0
BRH:0
end_of_record
TN:
SF:/Users/henrypye/Documents/Projects/PHD-App/Tracker-Dashboard/src/containers/Users/reducer.js
FN:7,(anonymous_0)
FN:24,_interopRequireWildcard
FNF:2
FNH:0
FNDA:0,(anonymous_0)
FNDA:0,_interopRequireWildcard
DA:1,0
DA:8,0
DA:10,0
DA:12,0
DA:17,0
DA:22,0
DA:24,0
LF:7
LH:0
BRDA:7,0,0,0
BRDA:10,1,0,0
BRDA:10,1,1,0
BRDA:10,1,2,0
BRDA:14,2,0,0
BRDA:14,2,1,0
BRDA:24,3,0,0
BRDA:24,3,1,0
BRDA:24,4,0,0
BRDA:24,4,1,0
BRDA:24,5,0,0
BRDA:24,5,1,0
BRDA:24,6,0,0
BRDA:24,6,1,0
BRF:14
BRH:0
end_of_record
TN:
SF:/Users/henrypye/Documents/Projects/PHD-App/Tracker-Dashboard/src/store/index.js
FN:4,_interopRequireWildcard
FN:4,_interopRequireDefault
FNF:2
FNH:0
FNDA:0,_interopRequireWildcard
FNDA:0,_interopRequireDefault
DA:1,0
DA:2,0
DA:3,0
DA:4,0
DA:6,0
LF:5
LH:0
BRDA:4,0,0,0
BRDA:4,0,1,0
BRDA:4,1,0,0
BRDA:4,1,1,0
BRDA:4,2,0,0
BRDA:4,2,1,0
BRDA:4,3,0,0
BRDA:4,3,1,0
BRDA:4,4,0,0
BRDA:4,4,1,0
BRDA:4,5,0,0
BRDA:4,5,1,0
BRDA:13,6,0,0
BRDA:13,6,1,0
BRDA:13,6,2,0
BRF:15
BRH:0
end_of_record
TN:
SF:/Users/henrypye/Documents/Projects/PHD-App/Tracker-Dashboard/src/store/stateManager.js
FN:1,_interopRequireWildcard
FN:3,(anonymous_1)
FN:16,(anonymous_2)
FN:25,(anonymous_3)
FNF:4
FNH:0
FNDA:0,_interopRequireWildcard
FNDA:0,(anonymous_1)
FNDA:0,(anonymous_2)
FNDA:0,(anonymous_3)
DA:1,0
DA:3,0
DA:4,0
DA:5,0
DA:7,0
DA:8,0
DA:10,0
DA:12,0
DA:16,0
DA:17,0
DA:18,0
DA:19,0
DA:25,0
DA:26,0
LF:14
LH:0
BRDA:1,0,0,0
BRDA:1,0,1,0
BRDA:1,1,0,0
BRDA:1,1,1,0
BRDA:1,2,0,0
BRDA:1,2,1,0
BRDA:1,3,0,0
BRDA:1,3,1,0
BRDA:7,4,0,0
BRDA:7,4,1,0
BRF:10
BRH:0
end_of_record
