TN:
SF:/Users/henrypye/Documents/Projects/PHD-App/Tracker-Dashboard/src/App.js
FN:5,(anonymous_0)
FNF:1
FNH:1
FNDA:1,(anonymous_0)
DA:6,1
LF:1
LH:1
BRF:0
BRH:0
end_of_record
TN:
SF:/Users/henrypye/Documents/Projects/PHD-App/Tracker-Dashboard/src/index.js
FN:19,_interopRequireWildcard
FN:19,_interopRequireDefault
FN:23,(anonymous_2)
FNF:3
FNH:0
FNDA:0,_interopRequireWildcard
FNDA:0,_interopRequireDefault
FNDA:0,(anonymous_2)
DA:1,0
DA:13,0
DA:14,0
DA:16,0
DA:17,0
DA:19,0
DA:21,0
DA:23,0
DA:24,0
DA:27,0
DA:33,0
LF:11
LH:0
BRDA:19,0,0,0
BRDA:19,0,1,0
BRDA:19,1,0,0
BRDA:19,1,1,0
BRDA:19,2,0,0
BRDA:19,2,1,0
BRDA:19,3,0,0
BRDA:19,3,1,0
BRDA:19,4,0,0
BRDA:19,4,1,0
BRDA:19,5,0,0
BRDA:19,5,1,0
BRF:12
BRH:0
end_of_record
TN:
SF:/Users/henrypye/Documents/Projects/PHD-App/Tracker-Dashboard/src/registerServiceWorker.js
FN:120,register
FN:124,(anonymous_1)
FN:127,(anonymous_2)
FN:128,registerValidSW
FN:128,(anonymous_4)
FN:128,(anonymous_5)
FN:128,(anonymous_6)
FN:135,(anonymous_7)
FN:135,checkValidServiceWorker
FN:136,(anonymous_9)
FN:138,(anonymous_10)
FN:138,(anonymous_11)
FN:139,(anonymous_12)
FN:139,unregister
FN:139,(anonymous_14)
FNF:15
FNH:0
FNDA:0,register
FNDA:0,(anonymous_1)
FNDA:0,(anonymous_2)
FNDA:0,registerValidSW
FNDA:0,(anonymous_4)
FNDA:0,(anonymous_5)
FNDA:0,(anonymous_6)
FNDA:0,(anonymous_7)
FNDA:0,checkValidServiceWorker
FNDA:0,(anonymous_9)
FNDA:0,(anonymous_10)
FNDA:0,(anonymous_11)
FNDA:0,(anonymous_12)
FNDA:0,unregister
FNDA:0,(anonymous_14)
DA:1,0
DA:21,0
DA:118,0
DA:120,0
DA:121,0
DA:124,0
DA:125,0
DA:127,0
DA:128,0
DA:132,0
DA:135,0
DA:136,0
DA:137,0
DA:138,0
DA:139,0
LF:15
LH:0
BRDA:118,0,0,0
BRDA:118,0,1,0
BRDA:118,0,2,0
BRDA:120,1,0,0
BRDA:120,1,1,0
BRDA:120,2,0,0
BRDA:120,2,1,0
BRDA:121,3,0,0
BRDA:121,3,1,0
BRDA:124,4,0,0
BRDA:124,4,1,0
BRDA:128,5,0,0
BRDA:128,5,1,0
BRDA:128,6,0,0
BRDA:128,6,1,0
BRDA:137,7,0,0
BRDA:137,7,1,0
BRDA:137,8,0,0
BRDA:137,8,1,0
BRDA:139,9,0,0
BRDA:139,9,1,0
BRF:21
BRH:0
end_of_record
TN:
SF:/Users/henrypye/Documents/Projects/PHD-App/Tracker-Dashboard/src/components/index.js
FNF:0
FNH:0
LF:0
LH:0
BRF:0
BRH:0
end_of_record
TN:
SF:/Users/henrypye/Documents/Projects/PHD-App/Tracker-Dashboard/src/components/Accounts/index.js
FNF:0
FNH:0
LF:0
LH:0
BRF:0
BRH:0
end_of_record
TN:
SF:/Users/henrypye/Documents/Projects/PHD-App/Tracker-Dashboard/src/components/Accounts/CreateForm/CreateForm.js
FN:11,(anonymous_0)
FN:46,(anonymous_1)
FN:54,(anonymous_2)
FN:60,(anonymous_3)
FNF:4
FNH:3
FNDA:3,(anonymous_0)
FNDA:3,(anonymous_1)
FNDA:0,(anonymous_2)
FNDA:3,(anonymous_3)
DA:6,3
DA:11,3
DA:20,3
DA:45,3
DA:46,3
DA:55,0
DA:61,3
LF:7
LH:6
BRDA:24,0,0,0
BRDA:24,0,1,3
BRDA:30,1,0,0
BRDA:30,1,1,3
BRF:4
BRH:2
end_of_record
TN:
SF:/Users/henrypye/Documents/Projects/PHD-App/Tracker-Dashboard/src/components/Accounts/CreateForm/index.js
FNF:0
FNH:0
LF:0
LH:0
BRF:0
BRH:0
end_of_record
TN:
SF:/Users/henrypye/Documents/Projects/PHD-App/Tracker-Dashboard/src/components/Accounts/Feed/Feed.js
FN:7,(anonymous_0)
FN:14,(anonymous_1)
FN:29,(anonymous_2)
FNF:3
FNH:2
FNDA:3,(anonymous_0)
FNDA:0,(anonymous_1)
FNDA:3,(anonymous_2)
DA:7,3
DA:10,3
DA:15,0
DA:29,3
LF:4
LH:3
BRF:0
BRH:0
end_of_record
TN:
SF:/Users/henrypye/Documents/Projects/PHD-App/Tracker-Dashboard/src/components/Accounts/Feed/index.js
FNF:0
FNH:0
LF:0
LH:0
BRF:0
BRH:0
end_of_record
TN:
SF:/Users/henrypye/Documents/Projects/PHD-App/Tracker-Dashboard/src/components/Accounts/Feed/FeedEvent/FeedEvent.js
FN:5,(anonymous_0)
FNF:1
FNH:1
FNDA:1,(anonymous_0)
DA:11,1
LF:1
LH:1
BRF:0
BRH:0
end_of_record
TN:
SF:/Users/henrypye/Documents/Projects/PHD-App/Tracker-Dashboard/src/components/Accounts/Feed/FeedEvent/index.js
FNF:0
FNH:0
LF:0
LH:0
BRF:0
BRH:0
end_of_record
TN:
SF:/Users/henrypye/Documents/Projects/PHD-App/Tracker-Dashboard/src/components/Accounts/Feed/FeedEvent/DateAdded/DateAdded.js
FN:4,(anonymous_0)
FNF:1
FNH:1
FNDA:2,(anonymous_0)
DA:7,2
LF:1
LH:1
BRF:0
BRH:0
end_of_record
TN:
SF:/Users/henrypye/Documents/Projects/PHD-App/Tracker-Dashboard/src/components/Accounts/Feed/FeedEvent/DateAdded/index.js
FNF:0
FNH:0
LF:0
LH:0
BRF:0
BRH:0
end_of_record
TN:
SF:/Users/henrypye/Documents/Projects/PHD-App/Tracker-Dashboard/src/components/Accounts/Feed/FeedEvent/Email/Email.js
FN:4,(anonymous_0)
FNF:1
FNH:1
FNDA:2,(anonymous_0)
DA:7,2
LF:1
LH:1
BRF:0
BRH:0
end_of_record
TN:
SF:/Users/henrypye/Documents/Projects/PHD-App/Tracker-Dashboard/src/components/Accounts/Feed/FeedEvent/Email/index.js
FNF:0
FNH:0
LF:0
LH:0
BRF:0
BRH:0
end_of_record
TN:
SF:/Users/henrypye/Documents/Projects/PHD-App/Tracker-Dashboard/src/components/Accounts/Feed/FeedEvent/Location/Location.js
FN:5,(anonymous_0)
FNF:1
FNH:1
FNDA:2,(anonymous_0)
DA:8,2
LF:1
LH:1
BRF:0
BRH:0
end_of_record
TN:
SF:/Users/henrypye/Documents/Projects/PHD-App/Tracker-Dashboard/src/components/Accounts/Feed/FeedEvent/Location/index.js
FNF:0
FNH:0
LF:0
LH:0
BRF:0
BRH:0
end_of_record
TN:
SF:/Users/henrypye/Documents/Projects/PHD-App/Tracker-Dashboard/src/components/Accounts/Feed/FeedEvent/Remove/Remove.js
FN:4,(anonymous_0)
FNF:1
FNH:1
FNDA:2,(anonymous_0)
DA:5,2
LF:1
LH:1
BRF:0
BRH:0
end_of_record
TN:
SF:/Users/henrypye/Documents/Projects/PHD-App/Tracker-Dashboard/src/components/Accounts/Feed/FeedEvent/Remove/index.js
FNF:0
FNH:0
LF:0
LH:0
BRF:0
BRH:0
end_of_record
TN:
SF:/Users/henrypye/Documents/Projects/PHD-App/Tracker-Dashboard/src/components/Accounts/Feed/FeedEvent/Summary/Summary.js
FN:4,(anonymous_0)
FNF:1
FNH:1
FNDA:2,(anonymous_0)
DA:8,2
LF:1
LH:1
BRDA:10,0,0,2
BRDA:10,0,1,2
BRF:2
BRH:2
end_of_record
TN:
SF:/Users/henrypye/Documents/Projects/PHD-App/Tracker-Dashboard/src/components/Accounts/Feed/FeedEvent/Summary/index.js
FNF:0
FNH:0
LF:0
LH:0
BRF:0
BRH:0
end_of_record
TN:
SF:/Users/henrypye/Documents/Projects/PHD-App/Tracker-Dashboard/src/components/Accounts/Overview/Overview.js
FN:7,(anonymous_0)
FNF:1
FNH:1
FNDA:2,(anonymous_0)
DA:8,2
LF:1
LH:1
BRF:0
BRH:0
end_of_record
TN:
SF:/Users/henrypye/Documents/Projects/PHD-App/Tracker-Dashboard/src/components/Accounts/Overview/index.js
FNF:0
FNH:0
LF:0
LH:0
BRF:0
BRH:0
end_of_record
TN:
SF:/Users/henrypye/Documents/Projects/PHD-App/Tracker-Dashboard/src/components/Header/Header.js
FN:6,(anonymous_0)
FNF:1
FNH:1
FNDA:2,(anonymous_0)
DA:7,2
LF:1
LH:1
BRF:0
BRH:0
end_of_record
TN:
SF:/Users/henrypye/Documents/Projects/PHD-App/Tracker-Dashboard/src/components/Header/index.js
FNF:0
FNH:0
LF:0
LH:0
BRF:0
BRH:0
end_of_record
TN:
SF:/Users/henrypye/Documents/Projects/PHD-App/Tracker-Dashboard/src/config/index.js
FNF:0
FNH:0
DA:1,5
DA:2,5
LF:2
LH:2
BRF:0
BRH:0
end_of_record
TN:
SF:/Users/henrypye/Documents/Projects/PHD-App/Tracker-Dashboard/src/containers/index.js
FN:2,_interopRequireDefault
FNF:1
FNH:0
FNDA:0,_interopRequireDefault
DA:1,0
DA:2,0
LF:2
LH:0
BRDA:2,0,0,0
BRDA:2,0,1,0
BRDA:2,1,0,0
BRDA:2,1,1,0
BRF:4
BRH:0
end_of_record
TN:
SF:/Users/henrypye/Documents/Projects/PHD-App/Tracker-Dashboard/src/containers/Devices/action.js
FN:4,_interopRequireDefault
FN:4,_interopRequireWildcard
FN:6,(anonymous_2)
FN:6,(anonymous_3)
FN:10,(anonymous_4)
FN:18,(anonymous_5)
FNF:6
FNH:0
FNDA:0,_interopRequireDefault
FNDA:0,_interopRequireWildcard
FNDA:0,(anonymous_2)
FNDA:0,(anonymous_3)
FNDA:0,(anonymous_4)
FNDA:0,(anonymous_5)
DA:1,0
DA:2,0
DA:4,0
DA:6,0
DA:7,0
DA:11,0
DA:19,0
LF:7
LH:0
BRDA:4,0,0,0
BRDA:4,0,1,0
BRDA:4,1,0,0
BRDA:4,1,1,0
BRDA:4,2,0,0
BRDA:4,2,1,0
BRDA:4,3,0,0
BRDA:4,3,1,0
BRDA:4,4,0,0
BRDA:4,4,1,0
BRDA:4,5,0,0
BRDA:4,5,1,0
BRF:12
BRH:0
end_of_record
TN:
SF:/Users/henrypye/Documents/Projects/PHD-App/Tracker-Dashboard/src/containers/Devices/actionTypes.js
FNF:0
FNH:0
DA:1,0
LF:1
LH:0
BRF:0
BRH:0
end_of_record
TN:
SF:/Users/henrypye/Documents/Projects/PHD-App/Tracker-Dashboard/src/containers/Devices/reducer.js
FN:8,(anonymous_0)
FN:22,_interopRequireWildcard
FNF:2
FNH:0
FNDA:0,(anonymous_0)
FNDA:0,_interopRequireWildcard
DA:1,0
DA:9,0
DA:11,0
DA:13,0
DA:20,0
DA:22,0
LF:6
LH:0
BRDA:8,0,0,0
BRDA:11,1,0,0
BRDA:11,1,1,0
BRDA:17,2,0,0
BRDA:17,2,1,0
BRDA:22,3,0,0
BRDA:22,3,1,0
BRDA:22,4,0,0
BRDA:22,4,1,0
BRDA:22,5,0,0
BRDA:22,5,1,0
BRDA:22,6,0,0
BRDA:22,6,1,0
BRF:13
BRH:0
end_of_record
TN:
SF:/Users/henrypye/Documents/Projects/PHD-App/Tracker-Dashboard/src/store/index.js
FN:4,_interopRequireWildcard
FN:4,_interopRequireDefault
FNF:2
FNH:0
FNDA:0,_interopRequireWildcard
FNDA:0,_interopRequireDefault
DA:1,0
DA:2,0
DA:3,0
DA:4,0
DA:6,0
LF:5
LH:0
BRDA:4,0,0,0
BRDA:4,0,1,0
BRDA:4,1,0,0
BRDA:4,1,1,0
BRDA:4,2,0,0
BRDA:4,2,1,0
BRDA:4,3,0,0
BRDA:4,3,1,0
BRDA:4,4,0,0
BRDA:4,4,1,0
BRDA:4,5,0,0
BRDA:4,5,1,0
BRDA:13,6,0,0
BRDA:13,6,1,0
BRDA:13,6,2,0
BRF:15
BRH:0
end_of_record
TN:
SF:/Users/henrypye/Documents/Projects/PHD-App/Tracker-Dashboard/src/store/stateManager.js
FN:1,_interopRequireWildcard
FN:3,(anonymous_1)
FN:16,(anonymous_2)
FN:25,(anonymous_3)
FNF:4
FNH:0
FNDA:0,_interopRequireWildcard
FNDA:0,(anonymous_1)
FNDA:0,(anonymous_2)
FNDA:0,(anonymous_3)
DA:1,0
DA:3,0
DA:4,0
DA:5,0
DA:7,0
DA:8,0
DA:10,0
DA:12,0
DA:16,0
DA:17,0
DA:18,0
DA:19,0
DA:25,0
DA:26,0
LF:14
LH:0
BRDA:1,0,0,0
BRDA:1,0,1,0
BRDA:1,1,0,0
BRDA:1,1,1,0
BRDA:1,2,0,0
BRDA:1,2,1,0
BRDA:1,3,0,0
BRDA:1,3,1,0
BRDA:7,4,0,0
BRDA:7,4,1,0
BRF:10
BRH:0
end_of_record
